2019-11-21 08:00:30 INFO  LogUtils:9 - Set implicitly Wait
2019-11-21 08:00:30 INFO  LogUtils:9 - Set implicitly wait
2019-11-21 08:00:30 INFO  LogUtils:9 - Get chrome driver
2019-11-21 08:00:39 INFO  LogUtils:9 - Maximize window
2019-11-21 08:00:39 INFO  LogUtils:9 - Maximize window
2019-11-21 08:00:43 INFO  LogUtils:9 - Go tohttps://store.steampowered.com/
2019-11-21 08:00:43 INFO  LogUtils:9 - Go to https://store.steampowered.com/ .
2019-11-21 08:00:52 INFO  LogUtils:9 - Click logo steam .
2019-11-21 08:00:56 INFO  LogUtils:9 - Open Main Page
2019-11-21 08:00:56 INFO  LogUtils:9 - Check Label of the main page is displayed.
2019-11-21 08:00:56 INFO  LogUtils:9 - Check Label of the main page is displayed.
2019-11-21 08:00:56 INFO  LogUtils:9 - Choose Action Category
2019-11-21 08:00:56 INFO  LogUtils:9 - Click Games
2019-11-21 08:00:56 INFO  LogUtils:9 - Hover Games button.
2019-11-21 08:00:56 INFO  LogUtils:9 - Hover Games button.
2019-11-21 08:00:56 INFO  LogUtils:9 - Click Action category
2019-11-21 08:00:56 INFO  LogUtils:9 - Click Category button.
2019-11-21 08:00:56 INFO  LogUtils:9 - Click Category button .
2019-11-21 08:01:05 INFO  LogUtils:9 - Check 'Browsing Action' page
2019-11-21 08:01:05 INFO  LogUtils:9 - Check actions page.
2019-11-21 08:01:05 INFO  LogUtils:9 - Get text from NameOfCategory.
2019-11-21 08:01:05 INFO  LogUtils:9 - Click Top Selling
2019-11-21 08:01:05 INFO  LogUtils:9 - Click Top Selling
2019-11-21 08:01:05 INFO  LogUtils:9 - Click TopSellers button .
2019-11-21 08:01:05 INFO  LogUtils:9 - Click TopSellers button .
2019-11-21 08:01:05 INFO  LogUtils:9 - Check Top Selling category
2019-11-21 08:01:05 INFO  LogUtils:9 - Check TopSellers button is displayed.
2019-11-21 08:01:05 INFO  LogUtils:9 - Check TopSellers button is displayed.
2019-11-21 08:01:05 INFO  LogUtils:9 - Click on the game with the maximum discount
2019-11-21 08:01:05 INFO  LogUtils:9 - Click game with minimal discount
2019-11-21 08:01:05 INFO  LogUtils:9 - Get info about games with discount.
2019-11-21 08:01:05 INFO  LogUtils:9 - Find elements DiscountGames button.
2019-11-21 08:01:05 INFO  LogUtils:9 - Find elements DiscountGames button.
2019-11-21 08:01:05 INFO  LogUtils:9 - Get text from Element of games.
2019-11-21 08:01:05 INFO  LogUtils:9 - Get text from Element of games.
2019-11-21 08:01:05 INFO  LogUtils:9 - Get text from Element of games.
2019-11-21 08:01:05 INFO  LogUtils:9 - Get text from Name game with highest discount.
2019-11-21 08:01:05 INFO  LogUtils:9 - Get text from Element of games.
2019-11-21 08:01:05 INFO  LogUtils:9 - Get text from Element of games.
2019-11-21 08:01:05 INFO  LogUtils:9 - Get text from Element of games.
2019-11-21 08:01:05 INFO  LogUtils:9 - Get text from Name game with highest discount.
2019-11-21 08:01:05 INFO  LogUtils:9 - Get text from Element of games.
2019-11-21 08:01:05 INFO  LogUtils:9 - Get text from Element of games.
2019-11-21 08:01:05 INFO  LogUtils:9 - Get text from Element of games.
2019-11-21 08:01:05 INFO  LogUtils:9 - Get text from Name game with highest discount.
2019-11-21 08:01:05 INFO  LogUtils:9 - Get text from Element of games.
2019-11-21 08:01:05 INFO  LogUtils:9 - Get text from Element of games.
2019-11-21 08:01:05 INFO  LogUtils:9 - Get text from Element of games.
2019-11-21 08:01:05 INFO  LogUtils:9 - Get text from Name game with highest discount.
2019-11-21 08:01:05 INFO  LogUtils:9 - Get text from Element of games.
2019-11-21 08:01:05 INFO  LogUtils:9 - Get text from Element of games.
2019-11-21 08:01:06 INFO  LogUtils:9 - Get text from Element of games.
2019-11-21 08:01:06 INFO  LogUtils:9 - Get text from Name game with highest discount.
2019-11-21 08:01:06 INFO  LogUtils:9 - Recording information about the selected game
2019-11-21 08:01:06 INFO  LogUtils:9 - Click Element of games.
2019-11-21 08:01:06 INFO  LogUtils:9 - Click Element of games .
2019-11-21 08:01:07 INFO  LogUtils:9 - Check Age Gate page
2019-11-21 08:01:07 INFO  LogUtils:9 - Check Div block on the AgeGate page. is displayed.
2019-11-21 08:01:07 INFO  LogUtils:9 - Check Div block on the AgeGate page. is displayed.
2019-11-21 08:01:12 INFO  LogUtils:9 - Check selected game pageFar Cry® 5
2019-11-21 08:01:12 INFO  LogUtils:9 - Check for collection or game.
2019-11-21 08:01:12 INFO  LogUtils:9 - Check NameOfCollectionsGame button is displayed.
2019-11-21 08:01:17 INFO  LogUtils:9 - Check NameOfGame button is displayed.
2019-11-21 08:01:17 INFO  LogUtils:9 - Compare game name.
2019-11-21 08:01:17 INFO  LogUtils:9 - Get text from NameOfGame button.
2019-11-21 08:01:17 INFO  LogUtils:9 - Check equal initial price
2019-11-21 08:01:17 INFO  LogUtils:9 - Compare discount initial.
2019-11-21 08:01:17 INFO  LogUtils:9 - Get text from InitialPrice button.
2019-11-21 08:01:17 INFO  LogUtils:9 - Check equal discount price
2019-11-21 08:01:17 INFO  LogUtils:9 - Compare discount prices.
2019-11-21 08:01:17 INFO  LogUtils:9 - Get text from DiscountPrice button.
2019-11-21 08:01:17 INFO  LogUtils:9 - Check equal discount rate
2019-11-21 08:01:17 INFO  LogUtils:9 - Compare discount rates.
2019-11-21 08:01:17 INFO  LogUtils:9 - Get text from DiscountRate button.
2019-11-21 08:01:17 INFO  LogUtils:9 - Get text from DiscountRate button.
2019-11-21 08:01:17 INFO  LogUtils:9 - Click logo steam .
2019-11-21 08:01:21 INFO  LogUtils:9 - Open Main Page
2019-11-21 08:01:21 INFO  LogUtils:9 - Check Label of the main page is displayed.
2019-11-21 08:01:21 INFO  LogUtils:9 - Check Label of the main page is displayed.
2019-11-21 08:01:21 INFO  LogUtils:9 - Choose Action Category
2019-11-21 08:01:21 INFO  LogUtils:9 - Click Games
2019-11-21 08:01:21 INFO  LogUtils:9 - Hover Games button.
2019-11-21 08:01:21 INFO  LogUtils:9 - Hover Games button.
2019-11-21 08:01:21 INFO  LogUtils:9 - Click Action category
2019-11-21 08:01:21 INFO  LogUtils:9 - Click Category button.
2019-11-21 08:01:21 INFO  LogUtils:9 - Click Category button .
2019-11-21 08:01:24 INFO  LogUtils:9 - Check 'Browsing Action' page
2019-11-21 08:01:24 INFO  LogUtils:9 - Check indi page.
2019-11-21 08:01:24 INFO  LogUtils:9 - Get text from NameOfCategory.
2019-11-21 08:01:24 INFO  LogUtils:9 - Click Top Selling
2019-11-21 08:01:24 INFO  LogUtils:9 - Click Top Selling
2019-11-21 08:01:24 INFO  LogUtils:9 - Click TopSellers button .
2019-11-21 08:01:25 INFO  LogUtils:9 - Click TopSellers button .
2019-11-21 08:01:25 INFO  LogUtils:9 - Check Top Selling category
2019-11-21 08:01:25 INFO  LogUtils:9 - Check TopSellers button is displayed.
2019-11-21 08:01:25 INFO  LogUtils:9 - Check TopSellers button is displayed.
2019-11-21 08:01:25 INFO  LogUtils:9 - Click on the game with the maximum discount
2019-11-21 08:01:25 INFO  LogUtils:9 - Click game with minimal discount
2019-11-21 08:01:25 INFO  LogUtils:9 - Get info about games with discount.
2019-11-21 08:01:25 INFO  LogUtils:9 - Find elements DiscountGames button.
2019-11-21 08:01:25 INFO  LogUtils:9 - Find elements DiscountGames button.
2019-11-21 08:01:25 INFO  LogUtils:9 - Get text from Element of games.
2019-11-21 08:01:25 INFO  LogUtils:9 - Get text from Element of games.
2019-11-21 08:01:25 INFO  LogUtils:9 - Get text from Element of games.
2019-11-21 08:01:25 INFO  LogUtils:9 - Get text from Name game with highest discount.
2019-11-21 08:01:25 INFO  LogUtils:9 - Get text from Element of games.
2019-11-21 08:01:25 INFO  LogUtils:9 - Get text from Element of games.
2019-11-21 08:01:25 INFO  LogUtils:9 - Get text from Element of games.
2019-11-21 08:01:25 INFO  LogUtils:9 - Get text from Name game with highest discount.
2019-11-21 08:01:25 INFO  LogUtils:9 - Get text from Element of games.
2019-11-21 08:01:25 INFO  LogUtils:9 - Get text from Element of games.
2019-11-21 08:01:25 INFO  LogUtils:9 - Get text from Element of games.
2019-11-21 08:01:25 INFO  LogUtils:9 - Get text from Name game with highest discount.
2019-11-21 08:01:25 INFO  LogUtils:9 - Get text from Element of games.
2019-11-21 08:01:25 INFO  LogUtils:9 - Get text from Element of games.
2019-11-21 08:01:25 INFO  LogUtils:9 - Get text from Element of games.
2019-11-21 08:01:25 INFO  LogUtils:9 - Get text from Name game with highest discount.
2019-11-21 08:01:25 INFO  LogUtils:9 - Get text from Element of games.
2019-11-21 08:01:25 INFO  LogUtils:9 - Get text from Element of games.
2019-11-21 08:01:25 INFO  LogUtils:9 - Get text from Element of games.
2019-11-21 08:01:25 INFO  LogUtils:9 - Get text from Name game with highest discount.
2019-11-21 08:01:25 INFO  LogUtils:9 - Get text from Element of games.
2019-11-21 08:01:25 INFO  LogUtils:9 - Get text from Element of games.
2019-11-21 08:01:25 INFO  LogUtils:9 - Get text from Element of games.
2019-11-21 08:01:25 INFO  LogUtils:9 - Get text from Name game with highest discount.
2019-11-21 08:01:25 INFO  LogUtils:9 - Get text from Element of games.
2019-11-21 08:01:25 INFO  LogUtils:9 - Get text from Element of games.
2019-11-21 08:01:25 INFO  LogUtils:9 - Get text from Element of games.
2019-11-21 08:01:26 INFO  LogUtils:9 - Get text from Name game with highest discount.
2019-11-21 08:01:26 INFO  LogUtils:9 - Get text from Element of games.
2019-11-21 08:01:26 INFO  LogUtils:9 - Get text from Element of games.
2019-11-21 08:01:26 INFO  LogUtils:9 - Get text from Element of games.
2019-11-21 08:01:26 INFO  LogUtils:9 - Get text from Name game with highest discount.
2019-11-21 08:01:26 INFO  LogUtils:9 - Get text from Element of games.
2019-11-21 08:01:26 INFO  LogUtils:9 - Get text from Element of games.
2019-11-21 08:01:26 INFO  LogUtils:9 - Get text from Element of games.
2019-11-21 08:01:26 INFO  LogUtils:9 - Get text from Name game with highest discount.
2019-11-21 08:01:26 INFO  LogUtils:9 - Get text from Element of games.
2019-11-21 08:01:26 INFO  LogUtils:9 - Get text from Element of games.
2019-11-21 08:01:26 INFO  LogUtils:9 - Get text from Element of games.
2019-11-21 08:01:26 INFO  LogUtils:9 - Get text from Name game with highest discount.
2019-11-21 08:01:26 INFO  LogUtils:9 - Recording information about the selected game
2019-11-21 08:01:26 INFO  LogUtils:9 - Click Element of games.
2019-11-21 08:01:26 INFO  LogUtils:9 - Click Element of games .
2019-11-21 08:01:30 INFO  LogUtils:9 - Check Age Gate page
2019-11-21 08:01:30 INFO  LogUtils:9 - Check Div block on the AgeGate page. is displayed.
2019-11-21 08:01:30 INFO  LogUtils:9 - Check Div block on the AgeGate page. is displayed.
2019-11-21 08:01:35 INFO  LogUtils:9 - Check selected game pageAutomation Empire
2019-11-21 08:01:35 INFO  LogUtils:9 - Check for collection or game.
2019-11-21 08:01:35 INFO  LogUtils:9 - Check NameOfCollectionsGame button is displayed.
2019-11-21 08:01:40 INFO  LogUtils:9 - Check NameOfGame button is displayed.
2019-11-21 08:01:40 INFO  LogUtils:9 - Compare game name.
2019-11-21 08:01:40 INFO  LogUtils:9 - Get text from NameOfGame button.
2019-11-21 08:01:40 INFO  LogUtils:9 - Check equal initial price
2019-11-21 08:01:40 INFO  LogUtils:9 - Compare discount initial.
2019-11-21 08:01:40 INFO  LogUtils:9 - Get text from InitialPrice button.
2019-11-21 08:01:40 INFO  LogUtils:9 - Check equal discount price
2019-11-21 08:01:40 INFO  LogUtils:9 - Compare discount prices.
2019-11-21 08:01:40 INFO  LogUtils:9 - Get text from DiscountPrice button.
2019-11-21 08:01:40 INFO  LogUtils:9 - Check equal discount rate
2019-11-21 08:01:40 INFO  LogUtils:9 - Compare discount rates.
2019-11-21 08:01:40 INFO  LogUtils:9 - Get text from DiscountRate button.
2019-11-21 08:01:40 INFO  LogUtils:9 - Get text from DiscountRate button.
2019-11-21 08:01:40 INFO  LogUtils:9 - Go tohttps://store.steampowered.com/
2019-11-21 08:01:40 INFO  LogUtils:9 - Go to https://store.steampowered.com/ .
2019-11-21 08:01:43 INFO  LogUtils:9 - Open Main Page
2019-11-21 08:01:43 INFO  LogUtils:9 - Check Label of the main page is displayed.
2019-11-21 08:01:43 INFO  LogUtils:9 - Check Label of the main page is displayed.
2019-11-21 08:01:43 INFO  LogUtils:9 - Click install button
2019-11-21 08:01:43 INFO  LogUtils:9 - Click 'install' button on the Main page .
2019-11-21 08:01:43 INFO  LogUtils:9 - Click 'install' button on the Main page .
2019-11-21 08:01:44 INFO  LogUtils:9 - Check 'Welcome Steam Page'
2019-11-21 08:01:44 INFO  LogUtils:9 - Check 'install' button on the 'Welcome Steam' page is displayed.
2019-11-21 08:01:44 INFO  LogUtils:9 - Check 'install' button on the 'Welcome Steam' page is displayed.
2019-11-21 08:01:44 INFO  LogUtils:9 - Click download steam
2019-11-21 08:01:44 INFO  LogUtils:9 - Click 'install' button on the 'Welcome Steam' page .
2019-11-21 08:01:44 INFO  LogUtils:9 - Click 'install' button on the 'Welcome Steam' page .
2019-11-21 08:01:44 INFO  LogUtils:9 - Waiting for file upload
2019-11-21 08:01:44 INFO  LogUtils:9 - Check exist steam file
2019-11-21 08:01:44 INFO  LogUtils:9 - Close browser
2019-11-21 08:47:27 INFO  LogUtils:9 - Set implicitly Wait
2019-11-21 08:47:27 INFO  LogUtils:9 - Set implicitly wait
2019-11-21 08:47:27 INFO  LogUtils:9 - Get chrome driver
2019-11-21 08:47:35 INFO  LogUtils:9 - Maximize window
2019-11-21 08:47:35 INFO  LogUtils:9 - Maximize window
2019-11-21 08:47:39 INFO  LogUtils:9 - Go tohttps://store.steampowered.com/
2019-11-21 08:47:39 INFO  LogUtils:9 - Go to https://store.steampowered.com/ .
2019-11-21 08:47:44 INFO  LogUtils:9 - Click logo steam .
2019-11-21 08:47:47 INFO  LogUtils:9 - Open Main Page
2019-11-21 08:47:47 INFO  LogUtils:9 - Check Label of the main page is displayed.
2019-11-21 08:47:48 INFO  LogUtils:9 - Check Label of the main page is displayed.
2019-11-21 08:47:48 INFO  LogUtils:9 - Choose Action Category
2019-11-21 08:47:48 INFO  LogUtils:9 - Click Games
2019-11-21 08:47:48 INFO  LogUtils:9 - Hover Games button.
2019-11-21 08:47:48 INFO  LogUtils:9 - Hover Games button.
2019-11-21 08:47:48 INFO  LogUtils:9 - Click Action category
2019-11-21 08:47:48 INFO  LogUtils:9 - Click Category button.
2019-11-21 08:47:48 INFO  LogUtils:9 - Click Category button .
2019-11-21 08:47:52 INFO  LogUtils:9 - Check 'Browsing Action' page
2019-11-21 08:47:52 INFO  LogUtils:9 - Check actions page.
2019-11-21 08:47:52 INFO  LogUtils:9 - Get text from NameOfCategory.
2019-11-21 08:47:52 INFO  LogUtils:9 - Click Top Selling
2019-11-21 08:47:52 INFO  LogUtils:9 - Click Top Selling
2019-11-21 08:47:52 INFO  LogUtils:9 - Click TopSellers button .
2019-11-21 08:47:52 INFO  LogUtils:9 - Click TopSellers button .
2019-11-21 08:47:52 INFO  LogUtils:9 - Check Top Selling category
2019-11-21 08:47:52 INFO  LogUtils:9 - Check TopSellers button is displayed.
2019-11-21 08:47:52 INFO  LogUtils:9 - Check TopSellers button is displayed.
2019-11-21 08:47:52 INFO  LogUtils:9 - Click on the game with the maximum discount
2019-11-21 08:47:52 INFO  LogUtils:9 - Click game with minimal discount
2019-11-21 08:47:52 INFO  LogUtils:9 - Get info about games with discount.
2019-11-21 08:47:52 INFO  LogUtils:9 - Find elements DiscountGames button.
2019-11-21 08:47:52 INFO  LogUtils:9 - Find elements DiscountGames button.
2019-11-21 08:47:52 INFO  LogUtils:9 - Get text from Element of games.
2019-11-21 08:47:52 INFO  LogUtils:9 - Get text from Element of games.
2019-11-21 08:47:53 INFO  LogUtils:9 - Get text from Element of games.
2019-11-21 08:47:53 INFO  LogUtils:9 - Get text from Name game with highest discount.
2019-11-21 08:47:53 INFO  LogUtils:9 - Get text from Element of games.
2019-11-21 08:47:53 INFO  LogUtils:9 - Get text from Element of games.
2019-11-21 08:47:53 INFO  LogUtils:9 - Get text from Element of games.
2019-11-21 08:47:53 INFO  LogUtils:9 - Get text from Name game with highest discount.
2019-11-21 08:47:53 INFO  LogUtils:9 - Get text from Element of games.
2019-11-21 08:47:53 INFO  LogUtils:9 - Get text from Element of games.
2019-11-21 08:47:53 INFO  LogUtils:9 - Get text from Element of games.
2019-11-21 08:47:53 INFO  LogUtils:9 - Get text from Name game with highest discount.
2019-11-21 08:47:53 INFO  LogUtils:9 - Get text from Element of games.
2019-11-21 08:47:54 INFO  LogUtils:9 - Get text from Element of games.
2019-11-21 08:47:54 INFO  LogUtils:9 - Get text from Element of games.
2019-11-21 08:47:54 INFO  LogUtils:9 - Get text from Name game with highest discount.
2019-11-21 08:47:54 INFO  LogUtils:9 - Get text from Element of games.
2019-11-21 08:47:54 INFO  LogUtils:9 - Get text from Element of games.
2019-11-21 08:47:54 INFO  LogUtils:9 - Get text from Element of games.
2019-11-21 08:47:54 INFO  LogUtils:9 - Get text from Name game with highest discount.
2019-11-21 08:47:54 INFO  LogUtils:9 - Get text from Element of games.
2019-11-21 08:47:54 INFO  LogUtils:9 - Get text from Element of games.
2019-11-21 08:47:54 INFO  LogUtils:9 - Get text from Element of games.
2019-11-21 08:47:54 INFO  LogUtils:9 - Get text from Name game with highest discount.
2019-11-21 08:47:54 INFO  LogUtils:9 - Recording information about the selected game
2019-11-21 08:47:54 INFO  LogUtils:9 - Click Element of games.
2019-11-21 08:47:54 INFO  LogUtils:9 - Click Element of games .
2019-11-21 08:48:19 INFO  LogUtils:9 - Check Age Gate page
2019-11-21 08:48:19 INFO  LogUtils:9 - Check Div block on the AgeGate page. is displayed.
2019-11-21 08:48:19 INFO  LogUtils:9 - Check Div block on the AgeGate page. is displayed.
2019-11-21 08:48:24 INFO  LogUtils:9 - Check selected game pageFar Cry® 5
2019-11-21 08:48:24 INFO  LogUtils:9 - Check for collection or game.
2019-11-21 08:48:24 INFO  LogUtils:9 - Check NameOfCollectionsGame button is displayed.
2019-11-21 08:48:29 INFO  LogUtils:9 - Check NameOfGame button is displayed.
2019-11-21 08:48:29 INFO  LogUtils:9 - Compare game name.
2019-11-21 08:48:29 INFO  LogUtils:9 - Get text from NameOfGame button.
2019-11-21 08:48:30 INFO  LogUtils:9 - Check equal initial price
2019-11-21 08:48:30 INFO  LogUtils:9 - Compare discount initial.
2019-11-21 08:48:30 INFO  LogUtils:9 - Get text from InitialPrice button.
2019-11-21 08:48:30 INFO  LogUtils:9 - Check equal discount price
2019-11-21 08:48:30 INFO  LogUtils:9 - Compare discount prices.
2019-11-21 08:48:30 INFO  LogUtils:9 - Get text from DiscountPrice button.
2019-11-21 08:48:30 INFO  LogUtils:9 - Check equal discount rate
2019-11-21 08:48:30 INFO  LogUtils:9 - Compare discount rates.
2019-11-21 08:48:30 INFO  LogUtils:9 - Get text from DiscountRate button.
2019-11-21 08:48:30 INFO  LogUtils:9 - Get text from DiscountRate button.
2019-11-21 08:48:30 INFO  LogUtils:9 - Click logo steam .
2019-11-21 08:48:35 INFO  LogUtils:9 - Open Main Page
2019-11-21 08:48:35 INFO  LogUtils:9 - Check Label of the main page is displayed.
2019-11-21 08:48:35 INFO  LogUtils:9 - Check Label of the main page is displayed.
2019-11-21 08:48:35 INFO  LogUtils:9 - Choose Action Category
2019-11-21 08:48:35 INFO  LogUtils:9 - Click Games
2019-11-21 08:48:35 INFO  LogUtils:9 - Hover Games button.
2019-11-21 08:48:35 INFO  LogUtils:9 - Hover Games button.
2019-11-21 08:48:35 INFO  LogUtils:9 - Click Action category
2019-11-21 08:48:35 INFO  LogUtils:9 - Click Category button.
2019-11-21 08:48:35 INFO  LogUtils:9 - Click Category button .
2019-11-21 08:48:46 INFO  LogUtils:9 - Check 'Browsing Action' page
2019-11-21 08:48:46 INFO  LogUtils:9 - Check indi page.
2019-11-21 08:48:46 INFO  LogUtils:9 - Get text from NameOfCategory.
2019-11-21 08:48:46 INFO  LogUtils:9 - Click Top Selling
2019-11-21 08:48:46 INFO  LogUtils:9 - Click Top Selling
2019-11-21 08:48:46 INFO  LogUtils:9 - Click TopSellers button .
2019-11-21 08:48:46 INFO  LogUtils:9 - Click TopSellers button .
2019-11-21 08:48:46 INFO  LogUtils:9 - Check Top Selling category
2019-11-21 08:48:46 INFO  LogUtils:9 - Check TopSellers button is displayed.
2019-11-21 08:48:46 INFO  LogUtils:9 - Check TopSellers button is displayed.
2019-11-21 08:48:47 INFO  LogUtils:9 - Click on the game with the maximum discount
2019-11-21 08:48:47 INFO  LogUtils:9 - Click game with minimal discount
2019-11-21 08:48:47 INFO  LogUtils:9 - Get info about games with discount.
2019-11-21 08:48:47 INFO  LogUtils:9 - Find elements DiscountGames button.
2019-11-21 08:48:47 INFO  LogUtils:9 - Find elements DiscountGames button.
2019-11-21 08:48:47 INFO  LogUtils:9 - Get text from Element of games.
2019-11-21 08:48:47 INFO  LogUtils:9 - Get text from Element of games.
2019-11-21 08:48:47 INFO  LogUtils:9 - Get text from Element of games.
2019-11-21 08:48:47 INFO  LogUtils:9 - Get text from Name game with highest discount.
2019-11-21 08:48:47 INFO  LogUtils:9 - Get text from Element of games.
2019-11-21 08:48:47 INFO  LogUtils:9 - Get text from Element of games.
2019-11-21 08:48:47 INFO  LogUtils:9 - Get text from Element of games.
2019-11-21 08:48:47 INFO  LogUtils:9 - Get text from Name game with highest discount.
2019-11-21 08:48:47 INFO  LogUtils:9 - Get text from Element of games.
2019-11-21 08:48:47 INFO  LogUtils:9 - Get text from Element of games.
2019-11-21 08:48:47 INFO  LogUtils:9 - Get text from Element of games.
2019-11-21 08:48:48 INFO  LogUtils:9 - Get text from Name game with highest discount.
2019-11-21 08:48:48 INFO  LogUtils:9 - Get text from Element of games.
2019-11-21 08:48:48 INFO  LogUtils:9 - Get text from Element of games.
2019-11-21 08:48:48 INFO  LogUtils:9 - Get text from Element of games.
2019-11-21 08:48:48 INFO  LogUtils:9 - Get text from Name game with highest discount.
2019-11-21 08:48:48 INFO  LogUtils:9 - Get text from Element of games.
2019-11-21 08:48:48 INFO  LogUtils:9 - Get text from Element of games.
2019-11-21 08:48:48 INFO  LogUtils:9 - Get text from Element of games.
2019-11-21 08:48:48 INFO  LogUtils:9 - Get text from Name game with highest discount.
2019-11-21 08:48:49 INFO  LogUtils:9 - Get text from Element of games.
2019-11-21 08:48:49 INFO  LogUtils:9 - Get text from Element of games.
2019-11-21 08:48:49 INFO  LogUtils:9 - Get text from Element of games.
2019-11-21 08:48:49 INFO  LogUtils:9 - Get text from Name game with highest discount.
2019-11-21 08:48:49 INFO  LogUtils:9 - Get text from Element of games.
2019-11-21 08:48:49 INFO  LogUtils:9 - Get text from Element of games.
2019-11-21 08:48:49 INFO  LogUtils:9 - Get text from Element of games.
2019-11-21 08:48:49 INFO  LogUtils:9 - Get text from Name game with highest discount.
2019-11-21 08:48:49 INFO  LogUtils:9 - Get text from Element of games.
2019-11-21 08:48:50 INFO  LogUtils:9 - Get text from Element of games.
2019-11-21 08:48:50 INFO  LogUtils:9 - Get text from Element of games.
2019-11-21 08:48:50 INFO  LogUtils:9 - Get text from Name game with highest discount.
2019-11-21 08:48:50 INFO  LogUtils:9 - Get text from Element of games.
2019-11-21 08:48:50 INFO  LogUtils:9 - Get text from Element of games.
2019-11-21 08:48:50 INFO  LogUtils:9 - Get text from Element of games.
2019-11-21 08:48:50 INFO  LogUtils:9 - Get text from Name game with highest discount.
2019-11-21 08:48:50 INFO  LogUtils:9 - Get text from Element of games.
2019-11-21 08:48:50 INFO  LogUtils:9 - Get text from Element of games.
2019-11-21 08:48:50 INFO  LogUtils:9 - Get text from Element of games.
2019-11-21 08:48:51 INFO  LogUtils:9 - Get text from Name game with highest discount.
2019-11-21 08:48:51 INFO  LogUtils:9 - Recording information about the selected game
2019-11-21 08:48:51 INFO  LogUtils:9 - Click Element of games.
2019-11-21 08:48:51 INFO  LogUtils:9 - Click Element of games .
2019-11-21 08:49:14 INFO  LogUtils:9 - Check Age Gate page
2019-11-21 08:49:14 INFO  LogUtils:9 - Check Div block on the AgeGate page. is displayed.
2019-11-21 08:49:14 INFO  LogUtils:9 - Check Div block on the AgeGate page. is displayed.
2019-11-21 08:49:19 INFO  LogUtils:9 - Check selected game pageAutomation Empire
2019-11-21 08:49:19 INFO  LogUtils:9 - Check for collection or game.
2019-11-21 08:49:19 INFO  LogUtils:9 - Check NameOfCollectionsGame button is displayed.
2019-11-21 08:49:24 INFO  LogUtils:9 - Check NameOfGame button is displayed.
2019-11-21 08:49:24 INFO  LogUtils:9 - Compare game name.
2019-11-21 08:49:25 INFO  LogUtils:9 - Get text from NameOfGame button.
2019-11-21 08:49:25 INFO  LogUtils:9 - Check equal initial price
2019-11-21 08:49:25 INFO  LogUtils:9 - Compare discount initial.
2019-11-21 08:49:25 INFO  LogUtils:9 - Get text from InitialPrice button.
2019-11-21 08:49:25 INFO  LogUtils:9 - Check equal discount price
2019-11-21 08:49:25 INFO  LogUtils:9 - Compare discount prices.
2019-11-21 08:49:25 INFO  LogUtils:9 - Get text from DiscountPrice button.
2019-11-21 08:49:25 INFO  LogUtils:9 - Check equal discount rate
2019-11-21 08:49:25 INFO  LogUtils:9 - Compare discount rates.
2019-11-21 08:49:25 INFO  LogUtils:9 - Get text from DiscountRate button.
2019-11-21 08:49:25 INFO  LogUtils:9 - Get text from DiscountRate button.
2019-11-21 08:49:25 INFO  LogUtils:9 - Go tohttps://store.steampowered.com/
2019-11-21 08:49:25 INFO  LogUtils:9 - Go to https://store.steampowered.com/ .
2019-11-21 08:49:29 INFO  LogUtils:9 - Open Main Page
2019-11-21 08:49:29 INFO  LogUtils:9 - Check Label of the main page is displayed.
2019-11-21 08:49:29 INFO  LogUtils:9 - Check Label of the main page is displayed.
2019-11-21 08:49:29 INFO  LogUtils:9 - Click install button
2019-11-21 08:49:29 INFO  LogUtils:9 - Click 'install' button on the Main page .
2019-11-21 08:49:29 INFO  LogUtils:9 - Click 'install' button on the Main page .
2019-11-21 08:49:31 INFO  LogUtils:9 - Check 'Welcome Steam Page'
2019-11-21 08:49:31 INFO  LogUtils:9 - Check 'install' button on the 'Welcome Steam' page is displayed.
2019-11-21 08:49:31 INFO  LogUtils:9 - Check 'install' button on the 'Welcome Steam' page is displayed.
2019-11-21 08:49:31 INFO  LogUtils:9 - Click download steam
2019-11-21 08:49:31 INFO  LogUtils:9 - Click 'install' button on the 'Welcome Steam' page .
2019-11-21 08:49:31 INFO  LogUtils:9 - Click 'install' button on the 'Welcome Steam' page .
2019-11-21 08:49:31 INFO  LogUtils:9 - Waiting for file upload
2019-11-21 08:49:32 INFO  LogUtils:9 - Check exist steam file
2019-11-21 08:49:32 INFO  LogUtils:9 - Close browser
2019-12-04 00:55:34 INFO  LogUtils:9 - Set implicitly Wait
2019-12-04 00:55:34 INFO  LogUtils:9 - Set implicitly wait
2019-12-04 00:55:34 INFO  LogUtils:9 - Get chrome driver
2019-12-04 00:55:40 INFO  LogUtils:9 - Maximize window
2019-12-04 00:55:40 INFO  LogUtils:9 - Maximize window
2019-12-04 00:55:44 INFO  LogUtils:9 - Go tohttps://store.steampowered.com/
2019-12-04 00:55:44 INFO  LogUtils:9 - Go to https://store.steampowered.com/ .
2019-12-04 00:55:47 INFO  LogUtils:9 - Click loginButton .
2019-12-04 00:55:48 INFO  LogUtils:9 - Check signIn is displayed.
2019-12-04 00:55:53 INFO  LogUtils:9 - Close browser
2019-12-04 00:57:11 INFO  LogUtils:9 - Set implicitly Wait
2019-12-04 00:57:11 INFO  LogUtils:9 - Set implicitly wait
2019-12-04 00:57:11 INFO  LogUtils:9 - Get chrome driver
2019-12-04 00:57:16 INFO  LogUtils:9 - Maximize window
2019-12-04 00:57:16 INFO  LogUtils:9 - Maximize window
2019-12-04 00:57:21 INFO  LogUtils:9 - Go tohttps://store.steampowered.com/
2019-12-04 00:57:21 INFO  LogUtils:9 - Go to https://store.steampowered.com/ .
2019-12-04 00:57:24 INFO  LogUtils:9 - Click loginButton .
2019-12-04 00:57:25 INFO  LogUtils:9 - Click submitButton .
2019-12-04 00:57:29 INFO  LogUtils:9 - Close browser
2019-12-04 01:04:03 INFO  LogUtils:9 - Set implicitly Wait
2019-12-04 01:04:03 INFO  LogUtils:9 - Set implicitly wait
2019-12-04 01:04:03 INFO  LogUtils:9 - Get chrome driver
2019-12-04 01:04:09 INFO  LogUtils:9 - Maximize window
2019-12-04 01:04:09 INFO  LogUtils:9 - Maximize window
2019-12-04 01:04:13 INFO  LogUtils:9 - Go tohttps://store.steampowered.com/
2019-12-04 01:04:13 INFO  LogUtils:9 - Go to https://store.steampowered.com/ .
2019-12-04 01:04:17 INFO  LogUtils:9 - Click gtaButton .
2019-12-04 01:04:22 INFO  LogUtils:9 - Close browser
2019-12-04 01:07:48 INFO  LogUtils:9 - Set implicitly Wait
2019-12-04 01:07:48 INFO  LogUtils:9 - Set implicitly wait
2019-12-04 01:07:48 INFO  LogUtils:9 - Get chrome driver
2019-12-04 01:07:54 INFO  LogUtils:9 - Maximize window
2019-12-04 01:07:54 INFO  LogUtils:9 - Maximize window
2019-12-04 01:07:58 INFO  LogUtils:9 - Go tohttps://store.steampowered.com/
2019-12-04 01:07:58 INFO  LogUtils:9 - Go to https://store.steampowered.com/ .
2019-12-04 01:08:01 INFO  LogUtils:9 - Click gtaButton .
2019-12-04 01:08:08 INFO  LogUtils:9 - Close browser
2019-12-04 01:11:30 INFO  LogUtils:9 - Set implicitly Wait
2019-12-04 01:11:30 INFO  LogUtils:9 - Set implicitly wait
2019-12-04 01:11:30 INFO  LogUtils:9 - Get chrome driver
2019-12-04 01:11:36 INFO  LogUtils:9 - Maximize window
2019-12-04 01:11:36 INFO  LogUtils:9 - Maximize window
2019-12-04 01:11:40 INFO  LogUtils:9 - Go tohttps://store.steampowered.com/
2019-12-04 01:11:40 INFO  LogUtils:9 - Go to https://store.steampowered.com/ .
2019-12-04 01:11:44 INFO  LogUtils:9 - Click gtaButton .
2019-12-04 01:11:47 INFO  LogUtils:9 - Get text from NameOfGame button.
2019-12-04 01:11:47 INFO  LogUtils:9 - Close browser
2019-12-04 01:12:42 INFO  LogUtils:9 - Set implicitly Wait
2019-12-04 01:12:42 INFO  LogUtils:9 - Set implicitly wait
2019-12-04 01:12:42 INFO  LogUtils:9 - Get chrome driver
2019-12-04 01:12:48 INFO  LogUtils:9 - Maximize window
2019-12-04 01:12:48 INFO  LogUtils:9 - Maximize window
2019-12-04 01:12:52 INFO  LogUtils:9 - Go tohttps://store.steampowered.com/
2019-12-04 01:12:52 INFO  LogUtils:9 - Go to https://store.steampowered.com/ .
2019-12-04 01:12:56 INFO  LogUtils:9 - Click gtaButton .
2019-12-04 01:12:59 INFO  LogUtils:9 - Get text from NameOfGame button.
2019-12-04 01:13:03 INFO  LogUtils:9 - Close browser
2019-12-04 11:24:55 INFO  LogUtils:9 - Set implicitly Wait
2019-12-04 11:24:55 INFO  LogUtils:9 - Set implicitly wait
2019-12-04 11:24:55 INFO  LogUtils:9 - Get chrome driver
2019-12-04 11:25:03 INFO  LogUtils:9 - Maximize window
2019-12-04 11:25:03 INFO  LogUtils:9 - Maximize window
2019-12-04 11:25:07 INFO  LogUtils:9 - Go tohttps://store.steampowered.com/
2019-12-04 11:25:07 INFO  LogUtils:9 - Go to https://store.steampowered.com/ .
2019-12-04 11:25:29 INFO  LogUtils:9 - Close browser
2019-12-04 11:49:10 INFO  LogUtils:9 - Set implicitly Wait
2019-12-04 11:49:10 INFO  LogUtils:9 - Set implicitly wait
2019-12-04 11:49:11 INFO  LogUtils:9 - Get chrome driver
2019-12-04 11:49:17 INFO  LogUtils:9 - Maximize window
2019-12-04 11:49:17 INFO  LogUtils:9 - Maximize window
2019-12-04 11:49:21 INFO  LogUtils:9 - Go tohttps://store.steampowered.com/
2019-12-04 11:49:21 INFO  LogUtils:9 - Go to https://store.steampowered.com/ .
2019-12-04 11:50:51 INFO  LogUtils:9 - Click loginButton .
2019-12-04 11:50:51 INFO  LogUtils:9 - Close browser
2019-12-05 08:04:29 INFO  LogUtils:9 - Set implicitly Wait
2019-12-05 08:04:29 INFO  LogUtils:9 - Set implicitly wait
2019-12-05 08:04:29 INFO  LogUtils:9 - Get chrome driver
2019-12-05 08:04:37 INFO  LogUtils:9 - Maximize window
2019-12-05 08:04:37 INFO  LogUtils:9 - Maximize window
2019-12-05 08:04:41 INFO  LogUtils:9 - Go tohttps://store.steampowered.com/
2019-12-05 08:04:41 INFO  LogUtils:9 - Go to https://store.steampowered.com/ .
2019-12-05 08:04:45 INFO  LogUtils:9 - Click gtaButton .
2019-12-05 08:04:48 INFO  LogUtils:9 - Get text from NameOfGame button.
2019-12-05 08:04:48 INFO  LogUtils:9 - Close browser
2019-12-05 08:06:18 INFO  LogUtils:9 - Set implicitly Wait
2019-12-05 08:06:18 INFO  LogUtils:9 - Set implicitly wait
2019-12-05 08:06:18 INFO  LogUtils:9 - Get chrome driver
2019-12-05 08:06:24 INFO  LogUtils:9 - Maximize window
2019-12-05 08:06:24 INFO  LogUtils:9 - Maximize window
2019-12-05 08:06:29 INFO  LogUtils:9 - Go tohttps://store.steampowered.com/
2019-12-05 08:06:29 INFO  LogUtils:9 - Go to https://store.steampowered.com/ .
2019-12-05 08:06:33 INFO  LogUtils:9 - Hover community.
2019-12-05 08:06:38 INFO  LogUtils:9 - Close browser
2019-12-05 08:17:14 INFO  LogUtils:9 - Set implicitly Wait
2019-12-05 08:17:14 INFO  LogUtils:9 - Set implicitly wait
2019-12-05 08:17:14 INFO  LogUtils:9 - Get chrome driver
2019-12-05 08:17:20 INFO  LogUtils:9 - Maximize window
2019-12-05 08:17:20 INFO  LogUtils:9 - Maximize window
2019-12-05 08:17:24 INFO  LogUtils:9 - Go tohttps://store.steampowered.com/
2019-12-05 08:17:24 INFO  LogUtils:9 - Go to https://store.steampowered.com/ .
2019-12-05 08:17:28 INFO  LogUtils:9 - Click community .
2019-12-05 08:17:33 INFO  LogUtils:9 - Close browser
2019-12-05 08:20:08 INFO  LogUtils:9 - Set implicitly Wait
2019-12-05 08:20:08 INFO  LogUtils:9 - Set implicitly wait
2019-12-05 08:20:08 INFO  LogUtils:9 - Get chrome driver
2019-12-05 08:20:15 INFO  LogUtils:9 - Maximize window
2019-12-05 08:20:15 INFO  LogUtils:9 - Maximize window
2019-12-05 08:20:19 INFO  LogUtils:9 - Go tohttps://store.steampowered.com/
2019-12-05 08:20:19 INFO  LogUtils:9 - Go to https://store.steampowered.com/ .
2019-12-05 08:20:23 INFO  LogUtils:9 - Hover community.
2019-12-05 08:20:24 INFO  LogUtils:9 - Click discussion .
2019-12-05 08:20:25 INFO  LogUtils:9 - Check discussion is displayed.
2019-12-05 08:20:25 INFO  LogUtils:9 - Click  .
2019-12-05 08:20:26 INFO  LogUtils:9 - Click newDiscussion .
2019-12-05 08:20:26 INFO  LogUtils:9 - Check access is displayed.
2019-12-05 08:20:26 INFO  LogUtils:9 - Close browser
2019-12-05 08:23:36 INFO  LogUtils:9 - Set implicitly Wait
2019-12-05 08:23:36 INFO  LogUtils:9 - Set implicitly wait
2019-12-05 08:23:36 INFO  LogUtils:9 - Get chrome driver
2019-12-05 08:23:43 INFO  LogUtils:9 - Maximize window
2019-12-05 08:23:43 INFO  LogUtils:9 - Maximize window
2019-12-05 08:23:47 INFO  LogUtils:9 - Go tohttps://store.steampowered.com/
2019-12-05 08:23:47 INFO  LogUtils:9 - Go to https://store.steampowered.com/ .
2019-12-05 08:23:51 INFO  LogUtils:9 - Click freeCategory .
2019-12-05 08:23:54 INFO  LogUtils:9 - Check freeCategory is displayed.
2019-12-05 08:23:54 INFO  LogUtils:9 - Click firstGame .
2019-12-05 08:23:56 INFO  LogUtils:9 - Check game is displayed.
2019-12-05 08:23:56 INFO  LogUtils:9 - Close browser
2019-12-05 08:24:08 INFO  LogUtils:9 - Set implicitly Wait
2019-12-05 08:24:08 INFO  LogUtils:9 - Set implicitly wait
2019-12-05 08:24:08 INFO  LogUtils:9 - Get chrome driver
2019-12-05 08:24:18 INFO  LogUtils:9 - Set implicitly Wait
2019-12-05 08:24:18 INFO  LogUtils:9 - Set implicitly wait
2019-12-05 08:24:18 INFO  LogUtils:9 - Get chrome driver
2019-12-05 08:24:24 INFO  LogUtils:9 - Maximize window
2019-12-05 08:24:24 INFO  LogUtils:9 - Maximize window
2019-12-05 08:24:29 INFO  LogUtils:9 - Go tohttps://store.steampowered.com/
2019-12-05 08:24:29 INFO  LogUtils:9 - Go to https://store.steampowered.com/ .
2019-12-05 08:24:33 INFO  LogUtils:9 - Click gtaButton .
2019-12-05 08:24:37 INFO  LogUtils:9 - Get text from NameOfGame button.
2019-12-05 08:24:37 INFO  LogUtils:9 - Check genre is displayed.
2019-12-05 08:24:37 INFO  LogUtils:9 - Close browser
2019-12-05 08:34:36 INFO  LogUtils:9 - Set implicitly Wait
2019-12-05 08:34:36 INFO  LogUtils:9 - Set implicitly wait
2019-12-05 08:34:36 INFO  LogUtils:9 - Get chrome driver
2019-12-05 08:34:42 INFO  LogUtils:9 - Maximize window
2019-12-05 08:34:42 INFO  LogUtils:9 - Maximize window
2019-12-05 08:34:46 INFO  LogUtils:9 - Go tohttps://store.steampowered.com/
2019-12-05 08:34:46 INFO  LogUtils:9 - Go to https://store.steampowered.com/ .
2019-12-05 08:34:51 INFO  LogUtils:9 - Click loginButton .
2019-12-05 08:34:52 INFO  LogUtils:9 - Check submitButton is displayed.
2019-12-05 08:34:52 INFO  LogUtils:9 - Click submitButton .
2019-12-05 08:34:56 INFO  LogUtils:9 - Close browser
2019-12-05 08:53:47 INFO  LogUtils:9 - Set implicitly Wait
2019-12-05 08:53:47 INFO  LogUtils:9 - Set implicitly wait
2019-12-05 08:53:47 INFO  LogUtils:9 - Get chrome driver
2019-12-05 08:53:54 INFO  LogUtils:9 - Maximize window
2019-12-05 08:53:54 INFO  LogUtils:9 - Maximize window
2019-12-05 08:53:58 INFO  LogUtils:9 - Go tohttps://store.steampowered.com/
2019-12-05 08:53:58 INFO  LogUtils:9 - Go to https://store.steampowered.com/ .
2019-12-05 08:54:03 INFO  LogUtils:9 - Click steamCurator .
2019-12-05 08:54:08 INFO  LogUtils:9 - Close browser
2019-12-05 08:55:36 INFO  LogUtils:9 - Set implicitly Wait
2019-12-05 08:55:36 INFO  LogUtils:9 - Set implicitly wait
2019-12-05 08:55:36 INFO  LogUtils:9 - Get chrome driver
2019-12-05 08:55:42 INFO  LogUtils:9 - Maximize window
2019-12-05 08:55:42 INFO  LogUtils:9 - Maximize window
2019-12-05 08:55:46 INFO  LogUtils:9 - Go tohttps://store.steampowered.com/
2019-12-05 08:55:46 INFO  LogUtils:9 - Go to https://store.steampowered.com/ .
2019-12-05 08:55:50 INFO  LogUtils:9 - Click steamCurator .
2019-12-05 08:55:55 INFO  LogUtils:9 - Close browser
2019-12-05 08:58:30 INFO  LogUtils:9 - Set implicitly Wait
2019-12-05 08:58:30 INFO  LogUtils:9 - Set implicitly wait
2019-12-05 08:58:30 INFO  LogUtils:9 - Get chrome driver
2019-12-05 08:58:36 INFO  LogUtils:9 - Maximize window
2019-12-05 08:58:36 INFO  LogUtils:9 - Maximize window
2019-12-05 08:58:41 INFO  LogUtils:9 - Go tohttps://store.steampowered.com/
2019-12-05 08:58:41 INFO  LogUtils:9 - Go to https://store.steampowered.com/ .
2019-12-05 08:58:44 INFO  LogUtils:9 - Hover steamCurator.
2019-12-05 08:58:44 INFO  LogUtils:9 - Click steamCurators .
2019-12-05 08:58:46 INFO  LogUtils:9 - Check curatorsPage is displayed.
2019-12-05 08:58:46 INFO  LogUtils:9 - Click follow .
2019-12-05 08:58:46 INFO  LogUtils:9 - Check login is displayed.
2019-12-05 08:58:46 INFO  LogUtils:9 - Close browser
2019-12-29 15:17:44 INFO  LogUtils:9 - Set implicitly Wait
2019-12-29 15:17:44 INFO  LogUtils:9 - Set implicitly wait
2019-12-29 15:17:44 INFO  LogUtils:9 - Get chrome driver
2019-12-29 15:17:54 INFO  LogUtils:9 - Maximize window
2019-12-29 15:17:54 INFO  LogUtils:9 - Maximize window
2019-12-29 15:17:58 INFO  LogUtils:9 - Go tohttps://kinopoisk.ru
2019-12-29 15:17:58 INFO  LogUtils:9 - Go to https://kinopoisk.ru .
2019-12-29 15:18:05 INFO  LogUtils:9 - Check MainPage banner is displayed.
2019-12-29 15:18:05 INFO  LogUtils:9 - Click Login button .
2019-12-29 15:18:07 INFO  LogUtils:9 - Check Login form is displayed.
2019-12-29 15:18:07 INFO  LogUtils:9 - Click signIn button .
2019-12-29 15:18:07 INFO  LogUtils:9 - Get text from passwordButton.
2019-12-29 15:18:07 INFO  LogUtils:9 - Close browser
2019-12-29 15:33:32 INFO  LogUtils:9 - Set implicitly Wait
2019-12-29 15:33:32 INFO  LogUtils:9 - Set implicitly wait
2019-12-29 15:33:32 INFO  LogUtils:9 - Get chrome driver
2019-12-29 15:33:39 INFO  LogUtils:9 - Maximize window
2019-12-29 15:33:39 INFO  LogUtils:9 - Maximize window
2019-12-29 15:33:43 INFO  LogUtils:9 - Go tohttps://kinopoisk.ru
2019-12-29 15:33:43 INFO  LogUtils:9 - Go to https://kinopoisk.ru .
2019-12-29 15:33:50 INFO  LogUtils:9 - Check MainPage banner is displayed.
2019-12-29 15:33:50 INFO  LogUtils:9 - Click vk button .
2019-12-29 15:33:55 INFO  LogUtils:9 - Close browser
2019-12-29 15:35:09 INFO  LogUtils:9 - Set implicitly Wait
2019-12-29 15:35:09 INFO  LogUtils:9 - Set implicitly wait
2019-12-29 15:35:09 INFO  LogUtils:9 - Get chrome driver
2019-12-29 15:35:16 INFO  LogUtils:9 - Maximize window
2019-12-29 15:35:16 INFO  LogUtils:9 - Maximize window
2019-12-29 15:35:20 INFO  LogUtils:9 - Go tohttps://kinopoisk.ru
2019-12-29 15:35:20 INFO  LogUtils:9 - Go to https://kinopoisk.ru .
2019-12-29 15:35:27 INFO  LogUtils:9 - Check MainPage banner is displayed.
2019-12-29 15:35:27 INFO  LogUtils:9 - Click vk button .
2019-12-29 15:35:32 INFO  LogUtils:9 - Close browser
2019-12-29 15:55:36 INFO  LogUtils:9 - Set implicitly Wait
2019-12-29 15:55:36 INFO  LogUtils:9 - Set implicitly wait
2019-12-29 15:55:36 INFO  LogUtils:9 - Get chrome driver
2019-12-29 15:55:43 INFO  LogUtils:9 - Maximize window
2019-12-29 15:55:43 INFO  LogUtils:9 - Maximize window
2019-12-29 15:55:47 INFO  LogUtils:9 - Go tohttps://kinopoisk.ru
2019-12-29 15:55:47 INFO  LogUtils:9 - Go to https://kinopoisk.ru .
2019-12-29 15:55:55 INFO  LogUtils:9 - Check MainPage banner is displayed.
2019-12-29 15:55:55 INFO  LogUtils:9 - Click afisha button .
2019-12-29 15:56:00 INFO  LogUtils:9 - Check afisha button is displayed.
2019-12-29 15:56:00 INFO  LogUtils:9 - Click Home button .
2019-12-29 15:56:07 INFO  LogUtils:9 - Check MainPage banner is displayed.
2019-12-29 15:56:07 INFO  LogUtils:9 - Close browser
2019-12-29 16:00:38 INFO  LogUtils:9 - Set implicitly Wait
2019-12-29 16:00:38 INFO  LogUtils:9 - Set implicitly wait
2019-12-29 16:00:38 INFO  LogUtils:9 - Get chrome driver
2019-12-29 16:00:45 INFO  LogUtils:9 - Maximize window
2019-12-29 16:00:45 INFO  LogUtils:9 - Maximize window
2019-12-29 16:00:49 INFO  LogUtils:9 - Go tohttps://kinopoisk.ru
2019-12-29 16:00:49 INFO  LogUtils:9 - Go to https://kinopoisk.ru .
2019-12-29 16:00:55 INFO  LogUtils:9 - Check MainPage banner is displayed.
2019-12-29 16:00:55 INFO  LogUtils:9 - Hover vk button.
2019-12-29 16:00:56 INFO  LogUtils:9 - Click goUp button .
2019-12-29 16:01:01 INFO  LogUtils:9 - Close browser
2019-12-29 16:02:35 INFO  LogUtils:9 - Set implicitly Wait
2019-12-29 16:02:35 INFO  LogUtils:9 - Set implicitly wait
2019-12-29 16:02:35 INFO  LogUtils:9 - Get chrome driver
2019-12-29 16:02:43 INFO  LogUtils:9 - Maximize window
2019-12-29 16:02:43 INFO  LogUtils:9 - Maximize window
2019-12-29 16:02:47 INFO  LogUtils:9 - Go tohttps://kinopoisk.ru
2019-12-29 16:02:47 INFO  LogUtils:9 - Go to https://kinopoisk.ru .
2019-12-29 16:02:54 INFO  LogUtils:9 - Check MainPage banner is displayed.
2019-12-29 16:02:54 INFO  LogUtils:9 - Hover vk button.
2019-12-29 16:02:55 INFO  LogUtils:9 - Click goUp button .
2019-12-29 16:02:55 INFO  LogUtils:9 - Close browser
2019-12-29 16:14:00 INFO  LogUtils:9 - Set implicitly Wait
2019-12-29 16:14:00 INFO  LogUtils:9 - Set implicitly wait
2019-12-29 16:14:00 INFO  LogUtils:9 - Get chrome driver
2019-12-29 16:14:08 INFO  LogUtils:9 - Maximize window
2019-12-29 16:14:08 INFO  LogUtils:9 - Maximize window
2019-12-29 16:14:12 INFO  LogUtils:9 - Go tohttps://kinopoisk.ru
2019-12-29 16:14:12 INFO  LogUtils:9 - Go to https://kinopoisk.ru .
2019-12-29 16:14:21 INFO  LogUtils:9 - Check MainPage banner is displayed.
2019-12-29 16:14:21 INFO  LogUtils:9 - Hover vk button.
2019-12-29 16:14:21 INFO  LogUtils:9 - Click goUp button .
2019-12-29 16:14:21 INFO  LogUtils:9 - Close browser
2019-12-29 16:15:18 INFO  LogUtils:9 - Set implicitly Wait
2019-12-29 16:15:18 INFO  LogUtils:9 - Set implicitly wait
2019-12-29 16:15:18 INFO  LogUtils:9 - Get chrome driver
2019-12-29 16:15:25 INFO  LogUtils:9 - Maximize window
2019-12-29 16:15:25 INFO  LogUtils:9 - Maximize window
2019-12-29 16:15:30 INFO  LogUtils:9 - Go tohttps://kinopoisk.ru
2019-12-29 16:15:30 INFO  LogUtils:9 - Go to https://kinopoisk.ru .
2019-12-29 16:15:36 INFO  LogUtils:9 - Check MainPage banner is displayed.
2019-12-29 16:15:36 INFO  LogUtils:9 - Hover vk button.
2019-12-29 16:15:37 INFO  LogUtils:9 - Click goUp button .
2019-12-29 16:15:40 INFO  LogUtils:9 - Close browser
2019-12-29 16:15:57 INFO  LogUtils:9 - Set implicitly Wait
2019-12-29 16:15:57 INFO  LogUtils:9 - Set implicitly wait
2019-12-29 16:15:57 INFO  LogUtils:9 - Get chrome driver
2019-12-29 16:16:05 INFO  LogUtils:9 - Maximize window
2019-12-29 16:16:05 INFO  LogUtils:9 - Maximize window
2019-12-29 16:16:09 INFO  LogUtils:9 - Go tohttps://kinopoisk.ru
2019-12-29 16:16:09 INFO  LogUtils:9 - Go to https://kinopoisk.ru .
2019-12-29 16:16:15 INFO  LogUtils:9 - Check MainPage banner is displayed.
2019-12-29 16:16:16 INFO  LogUtils:9 - Hover vk button.
2019-12-29 16:16:17 INFO  LogUtils:9 - Click goUp button .
2019-12-29 16:16:18 INFO  LogUtils:9 - Close browser
2019-12-29 16:50:43 INFO  LogUtils:9 - Set implicitly Wait
2019-12-29 16:50:43 INFO  LogUtils:9 - Set implicitly wait
2019-12-29 16:50:43 INFO  LogUtils:9 - Get chrome driver
2019-12-29 16:50:50 INFO  LogUtils:9 - Maximize window
2019-12-29 16:50:50 INFO  LogUtils:9 - Maximize window
2019-12-29 16:50:54 INFO  LogUtils:9 - Go tohttps://kinopoisk.ru
2019-12-29 16:50:54 INFO  LogUtils:9 - Go to https://kinopoisk.ru .
2019-12-29 16:51:02 INFO  LogUtils:9 - Check MainPage banner is displayed.
2019-12-29 16:51:03 INFO  LogUtils:9 - Click loup .
2019-12-29 16:51:07 INFO  LogUtils:9 - Close browser
2019-12-29 16:52:07 INFO  LogUtils:9 - Set implicitly Wait
2019-12-29 16:52:07 INFO  LogUtils:9 - Set implicitly wait
2019-12-29 16:52:07 INFO  LogUtils:9 - Get chrome driver
2019-12-29 16:52:14 INFO  LogUtils:9 - Maximize window
2019-12-29 16:52:14 INFO  LogUtils:9 - Maximize window
2019-12-29 16:52:18 INFO  LogUtils:9 - Go tohttps://kinopoisk.ru
2019-12-29 16:52:18 INFO  LogUtils:9 - Go to https://kinopoisk.ru .
2019-12-29 16:52:26 INFO  LogUtils:9 - Check MainPage banner is displayed.
2019-12-29 16:52:27 INFO  LogUtils:9 - Click loup .
2019-12-29 16:52:32 INFO  LogUtils:9 - Close browser
2019-12-29 17:00:46 INFO  LogUtils:9 - Set implicitly Wait
2019-12-29 17:00:46 INFO  LogUtils:9 - Set implicitly wait
2019-12-29 17:00:46 INFO  LogUtils:9 - Get chrome driver
2019-12-29 17:00:52 INFO  LogUtils:9 - Maximize window
2019-12-29 17:00:52 INFO  LogUtils:9 - Maximize window
2019-12-29 17:00:56 INFO  LogUtils:9 - Go tohttps://kinopoisk.ru
2019-12-29 17:00:56 INFO  LogUtils:9 - Go to https://kinopoisk.ru .
2019-12-29 17:00:59 INFO  LogUtils:9 - Check MainPage banner is displayed.
2019-12-29 17:01:00 INFO  LogUtils:9 - Click loup .
2019-12-29 17:01:03 INFO  LogUtils:9 - Check searchResult is displayed.
2019-12-29 17:01:03 INFO  LogUtils:9 - Get text from countResult.
2019-12-29 17:01:03 INFO  LogUtils:9 - Close browser
2019-12-29 17:02:22 INFO  LogUtils:9 - Set implicitly Wait
2019-12-29 17:02:22 INFO  LogUtils:9 - Set implicitly wait
2019-12-29 17:02:22 INFO  LogUtils:9 - Get chrome driver
2019-12-29 17:02:28 INFO  LogUtils:9 - Maximize window
2019-12-29 17:02:28 INFO  LogUtils:9 - Maximize window
2019-12-29 17:02:32 INFO  LogUtils:9 - Go tohttps://kinopoisk.ru
2019-12-29 17:02:32 INFO  LogUtils:9 - Go to https://kinopoisk.ru .
2019-12-29 17:02:35 INFO  LogUtils:9 - Check MainPage banner is displayed.
2019-12-29 17:02:35 INFO  LogUtils:9 - Click loup .
2019-12-29 17:02:37 INFO  LogUtils:9 - Check searchResult is displayed.
2019-12-29 17:02:37 INFO  LogUtils:9 - Get text from countResult.
2019-12-29 17:02:37 INFO  LogUtils:9 - Close browser
2019-12-29 17:03:11 INFO  LogUtils:9 - Set implicitly Wait
2019-12-29 17:03:11 INFO  LogUtils:9 - Set implicitly wait
2019-12-29 17:03:11 INFO  LogUtils:9 - Get chrome driver
2019-12-29 17:03:17 INFO  LogUtils:9 - Maximize window
2019-12-29 17:03:17 INFO  LogUtils:9 - Maximize window
2019-12-29 17:03:21 INFO  LogUtils:9 - Go tohttps://kinopoisk.ru
2019-12-29 17:03:21 INFO  LogUtils:9 - Go to https://kinopoisk.ru .
2019-12-29 17:03:24 INFO  LogUtils:9 - Check MainPage banner is displayed.
2019-12-29 17:03:24 INFO  LogUtils:9 - Click loup .
2019-12-29 17:03:27 INFO  LogUtils:9 - Check searchResult is displayed.
2019-12-29 17:03:27 INFO  LogUtils:9 - Get text from countResult.
2019-12-29 17:03:27 INFO  LogUtils:9 - Close browser
2019-12-29 17:05:54 INFO  LogUtils:9 - Set implicitly Wait
2019-12-29 17:05:54 INFO  LogUtils:9 - Set implicitly wait
2019-12-29 17:05:54 INFO  LogUtils:9 - Get chrome driver
2019-12-29 17:05:59 INFO  LogUtils:9 - Maximize window
2019-12-29 17:05:59 INFO  LogUtils:9 - Maximize window
2019-12-29 17:06:03 INFO  LogUtils:9 - Go tohttps://kinopoisk.ru
2019-12-29 17:06:03 INFO  LogUtils:9 - Go to https://kinopoisk.ru .
2019-12-29 17:06:07 INFO  LogUtils:9 - Check MainPage banner is displayed.
2019-12-29 17:06:07 INFO  LogUtils:9 - Click loup .
2019-12-29 17:06:09 INFO  LogUtils:9 - Check searchResult is displayed.
2019-12-29 17:06:09 INFO  LogUtils:9 - Get text from countResult.
2019-12-29 17:06:09 INFO  LogUtils:9 - Close browser
2019-12-29 17:08:01 INFO  LogUtils:9 - Set implicitly Wait
2019-12-29 17:08:01 INFO  LogUtils:9 - Set implicitly wait
2019-12-29 17:08:01 INFO  LogUtils:9 - Get chrome driver
2019-12-29 17:08:07 INFO  LogUtils:9 - Maximize window
2019-12-29 17:08:07 INFO  LogUtils:9 - Maximize window
2019-12-29 17:08:11 INFO  LogUtils:9 - Go tohttps://kinopoisk.ru
2019-12-29 17:08:11 INFO  LogUtils:9 - Go to https://kinopoisk.ru .
2019-12-29 17:08:15 INFO  LogUtils:9 - Check MainPage banner is displayed.
2019-12-29 17:08:15 INFO  LogUtils:9 - Click loup .
2019-12-29 17:08:19 INFO  LogUtils:9 - Check searchResult is displayed.
2019-12-29 17:08:19 INFO  LogUtils:9 - Get text from countResult.
2019-12-29 17:08:19 INFO  LogUtils:9 - Close browser
2019-12-29 17:08:54 INFO  LogUtils:9 - Set implicitly Wait
2019-12-29 17:08:54 INFO  LogUtils:9 - Set implicitly wait
2019-12-29 17:08:54 INFO  LogUtils:9 - Get chrome driver
2019-12-29 17:09:00 INFO  LogUtils:9 - Maximize window
2019-12-29 17:09:00 INFO  LogUtils:9 - Maximize window
2019-12-29 17:09:04 INFO  LogUtils:9 - Go tohttps://kinopoisk.ru
2019-12-29 17:09:04 INFO  LogUtils:9 - Go to https://kinopoisk.ru .
2019-12-29 17:09:09 INFO  LogUtils:9 - Check MainPage banner is displayed.
2019-12-29 17:09:10 INFO  LogUtils:9 - Click loup .
2019-12-29 17:09:13 INFO  LogUtils:9 - Check searchResult is displayed.
2019-12-29 17:10:09 INFO  LogUtils:9 - Get text from countResult.
2019-12-29 17:10:58 INFO  LogUtils:9 - Close browser
2019-12-29 17:11:42 INFO  LogUtils:9 - Set implicitly Wait
2019-12-29 17:11:42 INFO  LogUtils:9 - Set implicitly wait
2019-12-29 17:11:42 INFO  LogUtils:9 - Get chrome driver
2019-12-29 17:11:48 INFO  LogUtils:9 - Maximize window
2019-12-29 17:11:48 INFO  LogUtils:9 - Maximize window
2019-12-29 17:11:52 INFO  LogUtils:9 - Go tohttps://kinopoisk.ru
2019-12-29 17:11:52 INFO  LogUtils:9 - Go to https://kinopoisk.ru .
2019-12-29 17:11:58 INFO  LogUtils:9 - Check MainPage banner is displayed.
2019-12-29 17:11:58 INFO  LogUtils:9 - Click loup .
2019-12-29 17:12:01 INFO  LogUtils:9 - Check searchResult is displayed.
2019-12-29 17:12:01 INFO  LogUtils:9 - Get text from countResult.
2019-12-29 17:12:01 INFO  LogUtils:9 - Close browser
2019-12-29 17:21:10 INFO  LogUtils:9 - Set implicitly Wait
2019-12-29 17:21:10 INFO  LogUtils:9 - Set implicitly wait
2019-12-29 17:21:10 INFO  LogUtils:9 - Get chrome driver
2019-12-29 17:21:16 INFO  LogUtils:9 - Maximize window
2019-12-29 17:21:16 INFO  LogUtils:9 - Maximize window
2019-12-29 17:21:20 INFO  LogUtils:9 - Go tohttps://kinopoisk.ru
2019-12-29 17:21:20 INFO  LogUtils:9 - Go to https://kinopoisk.ru .
2019-12-29 17:21:25 INFO  LogUtils:9 - Check MainPage banner is displayed.
2019-12-29 17:21:25 INFO  LogUtils:9 - Click afisha button .
2019-12-29 17:21:30 INFO  LogUtils:9 - Check afisha button is displayed.
2019-12-29 17:21:30 INFO  LogUtils:9 - Click film .
2019-12-29 17:21:35 INFO  LogUtils:9 - Close browser
2019-12-29 17:24:14 INFO  LogUtils:9 - Set implicitly Wait
2019-12-29 17:24:14 INFO  LogUtils:9 - Set implicitly wait
2019-12-29 17:24:14 INFO  LogUtils:9 - Get chrome driver
2019-12-29 17:24:20 INFO  LogUtils:9 - Maximize window
2019-12-29 17:24:20 INFO  LogUtils:9 - Maximize window
2019-12-29 17:24:24 INFO  LogUtils:9 - Go tohttps://kinopoisk.ru
2019-12-29 17:24:24 INFO  LogUtils:9 - Go to https://kinopoisk.ru .
2019-12-29 17:24:26 INFO  LogUtils:9 - Check MainPage banner is displayed.
2019-12-29 17:24:26 INFO  LogUtils:9 - Click afisha button .
2019-12-29 17:24:30 INFO  LogUtils:9 - Check afisha button is displayed.
2019-12-29 17:24:30 INFO  LogUtils:9 - Click film .
2019-12-29 17:24:33 INFO  LogUtils:9 - Close browser
2019-12-29 17:34:45 INFO  LogUtils:9 - Set implicitly Wait
2019-12-29 17:34:45 INFO  LogUtils:9 - Set implicitly wait
2019-12-29 17:34:45 INFO  LogUtils:9 - Get chrome driver
2019-12-29 17:34:51 INFO  LogUtils:9 - Maximize window
2019-12-29 17:34:51 INFO  LogUtils:9 - Maximize window
2019-12-29 17:34:55 INFO  LogUtils:9 - Go tohttps://kinopoisk.ru
2019-12-29 17:34:55 INFO  LogUtils:9 - Go to https://kinopoisk.ru .
2019-12-29 17:34:58 INFO  LogUtils:9 - Check MainPage banner is displayed.
2019-12-29 17:34:58 INFO  LogUtils:9 - Click afisha button .
2019-12-29 17:35:02 INFO  LogUtils:9 - Check afisha button is displayed.
2019-12-29 17:35:02 INFO  LogUtils:9 - Click film .
2019-12-29 17:35:04 INFO  LogUtils:9 - Check movie info is displayed.
2019-12-29 17:35:05 INFO  LogUtils:9 - Click schedule .
2019-12-29 17:35:07 INFO  LogUtils:9 - Check seance form is displayed.
2019-12-29 17:35:07 INFO  LogUtils:9 - Close browser
2019-12-29 17:52:42 INFO  LogUtils:9 - Set implicitly Wait
2019-12-29 17:52:42 INFO  LogUtils:9 - Set implicitly wait
2019-12-29 17:52:42 INFO  LogUtils:9 - Get chrome driver
2019-12-29 17:52:49 INFO  LogUtils:9 - Maximize window
2019-12-29 17:52:49 INFO  LogUtils:9 - Maximize window
2019-12-29 17:52:53 INFO  LogUtils:9 - Go tohttps://kinopoisk.ru
2019-12-29 17:52:53 INFO  LogUtils:9 - Go to https://kinopoisk.ru .
2019-12-29 17:52:58 INFO  LogUtils:9 - Check MainPage banner is displayed.
2019-12-29 17:52:58 INFO  LogUtils:9 - Click afisha button .
2019-12-29 17:53:05 INFO  LogUtils:9 - Check Top Page is displayed.
2019-12-29 17:53:07 INFO  LogUtils:9 - Check name of film is displayed.
2019-12-29 17:53:08 INFO  LogUtils:9 - Close browser
2019-12-29 17:57:09 INFO  LogUtils:9 - Set implicitly Wait
2019-12-29 17:57:09 INFO  LogUtils:9 - Set implicitly wait
2019-12-29 17:57:09 INFO  LogUtils:9 - Get chrome driver
2019-12-29 17:57:15 INFO  LogUtils:9 - Maximize window
2019-12-29 17:57:15 INFO  LogUtils:9 - Maximize window
2019-12-29 17:57:19 INFO  LogUtils:9 - Go tohttps://kinopoisk.ru
2019-12-29 17:57:19 INFO  LogUtils:9 - Go to https://kinopoisk.ru .
2019-12-29 17:57:27 INFO  LogUtils:9 - Check MainPage banner is displayed.
2019-12-29 17:57:27 INFO  LogUtils:9 - Click afisha button .
2019-12-29 17:57:33 INFO  LogUtils:9 - Check Top Page is displayed.
2019-12-29 17:57:38 INFO  LogUtils:9 - Check name of film is displayed.
2019-12-29 17:57:43 INFO  LogUtils:9 - Check name of film is displayed.
2019-12-29 17:57:43 INFO  LogUtils:9 - Close browser
2019-12-29 18:15:25 INFO  LogUtils:9 - Set implicitly Wait
2019-12-29 18:15:25 INFO  LogUtils:9 - Set implicitly wait
2019-12-29 18:15:25 INFO  LogUtils:9 - Get chrome driver
2019-12-29 18:15:30 INFO  LogUtils:9 - Maximize window
2019-12-29 18:15:30 INFO  LogUtils:9 - Maximize window
2019-12-29 18:15:35 INFO  LogUtils:9 - Go tohttps://kinopoisk.ru
2019-12-29 18:15:35 INFO  LogUtils:9 - Go to https://kinopoisk.ru .
2019-12-29 18:15:38 INFO  LogUtils:9 - Check MainPage banner is displayed.
2019-12-29 18:15:38 INFO  LogUtils:9 - Click kinopoiskHd .
2019-12-29 18:15:39 INFO  LogUtils:9 - Check My cinema is displayed.
2019-12-29 18:15:39 INFO  LogUtils:9 - Hover My cinema.
2019-12-29 18:15:40 INFO  LogUtils:9 - Click kinopoisk .
2019-12-29 18:15:41 INFO  LogUtils:9 - Close browser
2019-12-29 18:16:17 INFO  LogUtils:9 - Set implicitly Wait
2019-12-29 18:16:17 INFO  LogUtils:9 - Set implicitly wait
2019-12-29 18:16:17 INFO  LogUtils:9 - Get chrome driver
2019-12-29 18:16:23 INFO  LogUtils:9 - Maximize window
2019-12-29 18:16:23 INFO  LogUtils:9 - Maximize window
2019-12-29 18:16:27 INFO  LogUtils:9 - Go tohttps://kinopoisk.ru
2019-12-29 18:16:27 INFO  LogUtils:9 - Go to https://kinopoisk.ru .
2019-12-29 18:16:31 INFO  LogUtils:9 - Check MainPage banner is displayed.
2019-12-29 18:16:31 INFO  LogUtils:9 - Click kinopoiskHd .
2019-12-29 18:16:33 INFO  LogUtils:9 - Check My cinema is displayed.
2019-12-29 18:16:33 INFO  LogUtils:9 - Hover My cinema.
2019-12-29 18:16:36 INFO  LogUtils:9 - Click kinopoisk .
2019-12-29 18:16:37 INFO  LogUtils:9 - Close browser
2019-12-29 18:18:07 INFO  LogUtils:9 - Set implicitly Wait
2019-12-29 18:18:07 INFO  LogUtils:9 - Set implicitly wait
2019-12-29 18:18:07 INFO  LogUtils:9 - Get chrome driver
2019-12-29 18:18:12 INFO  LogUtils:9 - Maximize window
2019-12-29 18:18:12 INFO  LogUtils:9 - Maximize window
2019-12-29 18:18:17 INFO  LogUtils:9 - Go tohttps://kinopoisk.ru
2019-12-29 18:18:17 INFO  LogUtils:9 - Go to https://kinopoisk.ru .
2019-12-29 18:18:21 INFO  LogUtils:9 - Check MainPage banner is displayed.
2019-12-29 18:18:21 INFO  LogUtils:9 - Click kinopoiskHd .
2019-12-29 18:18:23 INFO  LogUtils:9 - Check My cinema is displayed.
2019-12-29 18:18:23 INFO  LogUtils:9 - Hover My cinema.
2019-12-29 18:18:25 INFO  LogUtils:9 - Click kinopoisk .
2019-12-29 18:18:26 INFO  LogUtils:9 - Check MainPage banner is displayed.
2019-12-29 18:18:31 INFO  LogUtils:9 - Close browser
2019-12-29 18:19:16 INFO  LogUtils:9 - Set implicitly Wait
2019-12-29 18:19:16 INFO  LogUtils:9 - Set implicitly wait
2019-12-29 18:19:16 INFO  LogUtils:9 - Get chrome driver
2019-12-29 18:19:22 INFO  LogUtils:9 - Maximize window
2019-12-29 18:19:22 INFO  LogUtils:9 - Maximize window
2019-12-29 18:19:26 INFO  LogUtils:9 - Go tohttps://kinopoisk.ru
2019-12-29 18:19:26 INFO  LogUtils:9 - Go to https://kinopoisk.ru .
2019-12-29 18:19:29 INFO  LogUtils:9 - Check MainPage banner is displayed.
2019-12-29 18:19:29 INFO  LogUtils:9 - Click kinopoiskHd .
2019-12-29 18:19:31 INFO  LogUtils:9 - Check My cinema is displayed.
2019-12-29 18:19:32 INFO  LogUtils:9 - Click My cinema .
2019-12-29 18:19:34 INFO  LogUtils:9 - Click kinopoisk .
2019-12-29 18:19:35 INFO  LogUtils:9 - Close browser
2019-12-29 18:20:12 INFO  LogUtils:9 - Set implicitly Wait
2019-12-29 18:20:12 INFO  LogUtils:9 - Set implicitly wait
2019-12-29 18:20:12 INFO  LogUtils:9 - Get chrome driver
2019-12-29 18:20:18 INFO  LogUtils:9 - Maximize window
2019-12-29 18:20:18 INFO  LogUtils:9 - Maximize window
2019-12-29 18:20:22 INFO  LogUtils:9 - Go tohttps://kinopoisk.ru
2019-12-29 18:20:22 INFO  LogUtils:9 - Go to https://kinopoisk.ru .
2019-12-29 18:20:28 INFO  LogUtils:9 - Check MainPage banner is displayed.
2019-12-29 18:20:28 INFO  LogUtils:9 - Click kinopoiskHd .
2019-12-29 18:20:29 INFO  LogUtils:9 - Check My cinema is displayed.
2019-12-29 18:20:29 INFO  LogUtils:9 - Hover My cinema.
2019-12-29 18:20:32 INFO  LogUtils:9 - Click kinopoisk .
2019-12-29 18:20:33 INFO  LogUtils:9 - Close browser
2019-12-29 18:20:51 INFO  LogUtils:9 - Set implicitly Wait
2019-12-29 18:20:51 INFO  LogUtils:9 - Set implicitly wait
2019-12-29 18:20:51 INFO  LogUtils:9 - Get chrome driver
2019-12-29 18:20:58 INFO  LogUtils:9 - Maximize window
2019-12-29 18:20:58 INFO  LogUtils:9 - Maximize window
2019-12-29 18:21:02 INFO  LogUtils:9 - Go tohttps://kinopoisk.ru
2019-12-29 18:21:02 INFO  LogUtils:9 - Go to https://kinopoisk.ru .
2019-12-29 18:21:05 INFO  LogUtils:9 - Check MainPage banner is displayed.
2019-12-29 18:21:05 INFO  LogUtils:9 - Click kinopoiskHd .
2019-12-29 18:21:07 INFO  LogUtils:9 - Check My cinema is displayed.
2019-12-29 18:21:07 INFO  LogUtils:9 - Hover My cinema.
2019-12-29 18:21:07 INFO  LogUtils:9 - Click My cinema .
2019-12-29 18:21:10 INFO  LogUtils:9 - Click kinopoisk .
2019-12-29 18:21:11 INFO  LogUtils:9 - Close browser
2019-12-29 18:22:32 INFO  LogUtils:9 - Set implicitly Wait
2019-12-29 18:22:32 INFO  LogUtils:9 - Set implicitly wait
2019-12-29 18:22:32 INFO  LogUtils:9 - Get chrome driver
2019-12-29 18:22:38 INFO  LogUtils:9 - Maximize window
2019-12-29 18:22:38 INFO  LogUtils:9 - Maximize window
2019-12-29 18:22:42 INFO  LogUtils:9 - Go tohttps://kinopoisk.ru
2019-12-29 18:22:42 INFO  LogUtils:9 - Go to https://kinopoisk.ru .
2019-12-29 18:22:46 INFO  LogUtils:9 - Check MainPage banner is displayed.
2019-12-29 18:22:47 INFO  LogUtils:9 - Click kinopoiskHd .
2019-12-29 18:22:48 INFO  LogUtils:9 - Check My cinema is displayed.
2019-12-29 18:22:48 INFO  LogUtils:9 - Hover My cinema.
2019-12-29 18:22:48 INFO  LogUtils:9 - Click My cinema .
2019-12-29 18:22:49 INFO  LogUtils:9 - Hover My cinema.
2019-12-29 18:22:53 INFO  LogUtils:9 - Click kinopoisk .
2019-12-29 18:22:54 INFO  LogUtils:9 - Close browser
2019-12-29 18:26:28 INFO  LogUtils:9 - Set implicitly Wait
2019-12-29 18:26:28 INFO  LogUtils:9 - Set implicitly wait
2019-12-29 18:26:28 INFO  LogUtils:9 - Get chrome driver
2019-12-29 18:26:34 INFO  LogUtils:9 - Maximize window
2019-12-29 18:26:34 INFO  LogUtils:9 - Maximize window
2019-12-29 18:26:38 INFO  LogUtils:9 - Go tohttps://kinopoisk.ru
2019-12-29 18:26:38 INFO  LogUtils:9 - Go to https://kinopoisk.ru .
2019-12-29 18:26:41 INFO  LogUtils:9 - Check MainPage banner is displayed.
2019-12-29 18:26:41 INFO  LogUtils:9 - Click kinopoiskHd .
2019-12-29 18:26:44 INFO  LogUtils:9 - Check My cinema is displayed.
2019-12-29 18:26:44 INFO  LogUtils:9 - Hover My cinema.
2019-12-29 18:26:44 INFO  LogUtils:9 - Click My cinema .
2019-12-29 18:26:44 INFO  LogUtils:9 - Hover My cinema.
2019-12-29 18:26:48 INFO  LogUtils:9 - Click kinopoisk .
2019-12-29 18:26:50 INFO  LogUtils:9 - Close browser
2019-12-29 18:38:20 INFO  LogUtils:9 - Set implicitly Wait
2019-12-29 18:38:20 INFO  LogUtils:9 - Set implicitly wait
2019-12-29 18:38:20 INFO  LogUtils:9 - Get chrome driver
2019-12-29 18:38:26 INFO  LogUtils:9 - Maximize window
2019-12-29 18:38:26 INFO  LogUtils:9 - Maximize window
2019-12-29 18:38:30 INFO  LogUtils:9 - Go tohttps://kinopoisk.ru
2019-12-29 18:38:30 INFO  LogUtils:9 - Go to https://kinopoisk.ru .
2019-12-29 18:38:32 INFO  LogUtils:9 - Check MainPage banner is displayed.
2019-12-29 18:38:32 INFO  LogUtils:9 - Click afisha button .
2019-12-29 18:38:36 INFO  LogUtils:9 - Check Top Page is displayed.
2019-12-29 18:38:36 INFO  LogUtils:9 - Click Start vote .
2019-12-29 18:38:36 INFO  LogUtils:9 - Click vote 10 .
2019-12-29 18:38:36 INFO  LogUtils:9 - Check Login form is displayed.
2019-12-29 18:38:37 INFO  LogUtils:9 - Close browser
2019-12-29 18:39:44 INFO  LogUtils:9 - Set implicitly Wait
2019-12-29 18:39:44 INFO  LogUtils:9 - Set implicitly wait
2019-12-29 18:39:44 INFO  LogUtils:9 - Get chrome driver
2019-12-29 18:39:49 INFO  LogUtils:9 - Maximize window
2019-12-29 18:39:49 INFO  LogUtils:9 - Maximize window
2019-12-29 18:39:54 INFO  LogUtils:9 - Go tohttps://kinopoisk.ru
2019-12-29 18:39:54 INFO  LogUtils:9 - Go to https://kinopoisk.ru .
2019-12-29 18:39:57 INFO  LogUtils:9 - Check MainPage banner is displayed.
2019-12-29 18:39:57 INFO  LogUtils:9 - Click Login button .
2019-12-29 18:39:59 INFO  LogUtils:9 - Check Login form is displayed.
2019-12-29 18:39:59 INFO  LogUtils:9 - Click signIn button .
2019-12-29 18:39:59 INFO  LogUtils:9 - Get text from passwordButton.
2019-12-29 18:39:59 INFO  LogUtils:9 - Go tohttps://kinopoisk.ru
2019-12-29 18:39:59 INFO  LogUtils:9 - Go to https://kinopoisk.ru .
2019-12-29 18:40:02 INFO  LogUtils:9 - Check MainPage banner is displayed.
2019-12-29 18:40:02 INFO  LogUtils:9 - Click afisha button .
2019-12-29 18:40:06 INFO  LogUtils:9 - Check Top Page is displayed.
2019-12-29 18:40:06 INFO  LogUtils:9 - Click Start vote .
2019-12-29 18:40:06 INFO  LogUtils:9 - Click vote 10 .
2019-12-29 18:40:07 INFO  LogUtils:9 - Check Login form is displayed.
2019-12-29 18:40:08 INFO  LogUtils:9 - Go tohttps://kinopoisk.ru
2019-12-29 18:40:08 INFO  LogUtils:9 - Go to https://kinopoisk.ru .
2019-12-29 18:40:10 INFO  LogUtils:9 - Check MainPage banner is displayed.
2019-12-29 18:40:11 INFO  LogUtils:9 - Click vk button .
2019-12-29 18:40:15 INFO  LogUtils:9 - Go tohttps://kinopoisk.ru
2019-12-29 18:40:15 INFO  LogUtils:9 - Go to https://kinopoisk.ru .
2019-12-29 18:40:17 INFO  LogUtils:9 - Check MainPage banner is displayed.
2019-12-29 18:40:17 INFO  LogUtils:9 - Click afisha button .
2019-12-29 18:40:20 INFO  LogUtils:9 - Check afisha button is displayed.
2019-12-29 18:40:20 INFO  LogUtils:9 - Click Home button .
2019-12-29 18:40:22 INFO  LogUtils:9 - Check MainPage banner is displayed.
2019-12-29 18:40:22 INFO  LogUtils:9 - Go tohttps://kinopoisk.ru
2019-12-29 18:40:22 INFO  LogUtils:9 - Go to https://kinopoisk.ru .
2019-12-29 18:40:24 INFO  LogUtils:9 - Check MainPage banner is displayed.
2019-12-29 18:40:24 INFO  LogUtils:9 - Hover vk button.
2019-12-29 18:40:25 INFO  LogUtils:9 - Click goUp button .
2019-12-29 18:40:26 INFO  LogUtils:9 - Go tohttps://kinopoisk.ru
2019-12-29 18:40:26 INFO  LogUtils:9 - Go to https://kinopoisk.ru .
2019-12-29 18:40:28 INFO  LogUtils:9 - Check MainPage banner is displayed.
2019-12-29 18:40:28 INFO  LogUtils:9 - Click loup .
2019-12-29 18:40:30 INFO  LogUtils:9 - Check searchResult is displayed.
2019-12-29 18:40:30 INFO  LogUtils:9 - Get text from countResult.
2019-12-29 18:40:30 INFO  LogUtils:9 - Go tohttps://kinopoisk.ru
2019-12-29 18:40:30 INFO  LogUtils:9 - Go to https://kinopoisk.ru .
2019-12-29 18:40:32 INFO  LogUtils:9 - Check MainPage banner is displayed.
2019-12-29 18:40:32 INFO  LogUtils:9 - Click afisha button .
2019-12-29 18:40:35 INFO  LogUtils:9 - Check afisha button is displayed.
2019-12-29 18:40:35 INFO  LogUtils:9 - Click film .
2019-12-29 18:40:37 INFO  LogUtils:9 - Check movie info is displayed.
2019-12-29 18:40:37 INFO  LogUtils:9 - Click schedule .
2019-12-29 18:40:39 INFO  LogUtils:9 - Check seance form is displayed.
2019-12-29 18:40:39 INFO  LogUtils:9 - Go tohttps://kinopoisk.ru
2019-12-29 18:40:39 INFO  LogUtils:9 - Go to https://kinopoisk.ru .
2019-12-29 18:40:41 INFO  LogUtils:9 - Check MainPage banner is displayed.
2019-12-29 18:40:41 INFO  LogUtils:9 - Click afisha button .
2019-12-29 18:40:44 INFO  LogUtils:9 - Check Top Page is displayed.
2019-12-29 18:40:46 INFO  LogUtils:9 - Check name of film is displayed.
2019-12-29 18:40:46 INFO  LogUtils:9 - Go tohttps://kinopoisk.ru
2019-12-29 18:40:46 INFO  LogUtils:9 - Go to https://kinopoisk.ru .
2019-12-29 18:40:48 INFO  LogUtils:9 - Check MainPage banner is displayed.
2019-12-29 18:40:48 INFO  LogUtils:9 - Click afisha button .
2019-12-29 18:40:51 INFO  LogUtils:9 - Check Top Page is displayed.
2019-12-29 18:40:53 INFO  LogUtils:9 - Check name of film is displayed.
2019-12-29 18:40:55 INFO  LogUtils:9 - Check name of film is displayed.
2019-12-29 18:40:55 INFO  LogUtils:9 - Go tohttps://kinopoisk.ru
2019-12-29 18:40:55 INFO  LogUtils:9 - Go to https://kinopoisk.ru .
2019-12-29 18:40:57 INFO  LogUtils:9 - Check MainPage banner is displayed.
2019-12-29 18:40:57 INFO  LogUtils:9 - Click kinopoiskHd .
2019-12-29 18:40:59 INFO  LogUtils:9 - Check My cinema is displayed.
2019-12-29 18:40:59 INFO  LogUtils:9 - Hover My cinema.
2019-12-29 18:40:59 INFO  LogUtils:9 - Click kinopoisk .
2019-12-29 18:41:00 INFO  LogUtils:9 - Close browser
2019-12-29 18:44:15 INFO  LogUtils:9 - Set implicitly Wait
2019-12-29 18:44:15 INFO  LogUtils:9 - Set implicitly wait
2019-12-29 18:44:28 INFO  LogUtils:9 - Set implicitly Wait
2019-12-29 18:44:28 INFO  LogUtils:9 - Set implicitly wait
2019-12-29 18:46:13 INFO  LogUtils:9 - Set implicitly Wait
2019-12-29 18:46:13 INFO  LogUtils:9 - Set implicitly wait
2019-12-29 18:47:13 INFO  LogUtils:9 - Set implicitly Wait
2019-12-29 18:47:13 INFO  LogUtils:9 - Set implicitly wait
2019-12-29 18:47:13 INFO  LogUtils:9 - Get chrome driver
2019-12-29 18:47:19 INFO  LogUtils:9 - Maximize window
2019-12-29 18:47:19 INFO  LogUtils:9 - Maximize window
2019-12-29 18:47:23 INFO  LogUtils:9 - Go tohttps://kinopoisk.ru
2019-12-29 18:47:23 INFO  LogUtils:9 - Go to https://kinopoisk.ru .
2019-12-29 18:47:25 INFO  LogUtils:9 - Check MainPage banner is displayed.
2019-12-29 18:47:25 INFO  LogUtils:9 - Close browser
2019-12-29 19:02:07 INFO  LogUtils:9 - Set implicitly Wait
2019-12-29 19:02:07 INFO  LogUtils:9 - Set implicitly wait
2019-12-29 19:02:07 INFO  LogUtils:9 - Get chrome driver
2019-12-29 19:02:13 INFO  LogUtils:9 - Maximize window
2019-12-29 19:02:13 INFO  LogUtils:9 - Maximize window
2020-01-13 20:25:21 INFO  LogUtils:9 - Set implicitly Wait
2020-01-13 20:25:21 INFO  LogUtils:9 - Set implicitly wait
2020-01-13 20:25:21 INFO  LogUtils:9 - Get chrome driver
2020-01-13 20:25:37 INFO  LogUtils:9 - Maximize window
2020-01-13 20:25:37 INFO  LogUtils:9 - Maximize window
2020-01-13 20:25:38 INFO  LogUtils:9 - Go tohttps://kinopoisk.ru
2020-01-13 20:25:38 INFO  LogUtils:9 - Go to https://kinopoisk.ru .
2020-01-13 20:25:49 INFO  LogUtils:9 - Check MainPage banner is displayed.
2020-01-13 20:25:49 INFO  LogUtils:9 - Click Login button .
2020-01-13 20:25:52 INFO  LogUtils:9 - Check Login form is displayed.
2020-01-13 20:25:52 INFO  LogUtils:9 - Click signIn button .
2020-01-13 20:25:52 INFO  LogUtils:9 - Get text from passwordButton.
2020-01-13 20:25:52 INFO  LogUtils:9 - Go tohttps://kinopoisk.ru
2020-01-13 20:25:52 INFO  LogUtils:9 - Go to https://kinopoisk.ru .
2020-01-13 20:25:55 INFO  LogUtils:9 - Check MainPage banner is displayed.
2020-01-13 20:25:55 INFO  LogUtils:9 - Click afisha button .
2020-01-13 20:25:58 INFO  LogUtils:9 - Check Top Page is displayed.
2020-01-13 20:26:23 INFO  LogUtils:9 - Set implicitly Wait
2020-01-13 20:26:23 INFO  LogUtils:9 - Set implicitly wait
2020-01-13 20:26:23 INFO  LogUtils:9 - Get chrome driver
2020-01-13 20:26:27 INFO  LogUtils:9 - Maximize window
2020-01-13 20:26:27 INFO  LogUtils:9 - Maximize window
2020-01-13 20:26:29 INFO  LogUtils:9 - Go tohttps://kinopoisk.ru
2020-01-13 20:26:29 INFO  LogUtils:9 - Go to https://kinopoisk.ru .
2020-01-13 20:26:36 INFO  LogUtils:9 - Check MainPage banner is displayed.
2020-01-13 20:26:36 INFO  LogUtils:9 - Click Login button .
2020-01-13 20:26:37 INFO  LogUtils:9 - Check Login form is displayed.
2020-01-13 20:26:38 INFO  LogUtils:9 - Click signIn button .
2020-01-13 20:26:38 INFO  LogUtils:9 - Get text from passwordButton.
2020-01-13 20:26:38 INFO  LogUtils:9 - Close browser
2020-01-13 20:26:54 INFO  LogUtils:9 - Set implicitly Wait
2020-01-13 20:26:54 INFO  LogUtils:9 - Set implicitly wait
2020-01-13 20:26:54 INFO  LogUtils:9 - Get chrome driver
2020-01-13 20:26:57 INFO  LogUtils:9 - Maximize window
2020-01-13 20:26:57 INFO  LogUtils:9 - Maximize window
2020-01-13 20:26:59 INFO  LogUtils:9 - Go tohttps://kinopoisk.ru
2020-01-13 20:26:59 INFO  LogUtils:9 - Go to https://kinopoisk.ru .
2020-01-13 20:27:06 INFO  LogUtils:9 - Check MainPage banner is displayed.
2020-01-13 20:27:06 INFO  LogUtils:9 - Click Login button .
2020-01-13 20:27:09 INFO  LogUtils:9 - Check Login form is displayed.
2020-01-13 20:27:09 INFO  LogUtils:9 - Click signIn button .
2020-01-13 20:27:09 INFO  LogUtils:9 - Get text from passwordButton.
2020-01-13 20:27:09 INFO  LogUtils:9 - Go tohttps://kinopoisk.ru
2020-01-13 20:27:09 INFO  LogUtils:9 - Go to https://kinopoisk.ru .
2020-01-13 20:27:13 INFO  LogUtils:9 - Check MainPage banner is displayed.
2020-01-13 20:27:13 INFO  LogUtils:9 - Click afisha button .
2020-01-13 20:27:18 INFO  LogUtils:9 - Check Top Page is displayed.
2020-01-13 20:27:18 INFO  LogUtils:9 - Click Start vote .
2020-01-13 20:27:18 INFO  LogUtils:9 - Click vote 10 .
2020-01-13 20:27:19 INFO  LogUtils:9 - Check Login form is displayed.
2020-01-13 20:27:20 INFO  LogUtils:9 - Go tohttps://kinopoisk.ru
2020-01-13 20:27:20 INFO  LogUtils:9 - Go to https://kinopoisk.ru .
2020-01-13 20:27:23 INFO  LogUtils:9 - Check MainPage banner is displayed.
2020-01-13 20:27:23 INFO  LogUtils:9 - Click vk button .
2020-01-13 20:27:31 INFO  LogUtils:9 - Go tohttps://kinopoisk.ru
2020-01-13 20:27:31 INFO  LogUtils:9 - Go to https://kinopoisk.ru .
2020-01-13 20:27:34 INFO  LogUtils:9 - Check MainPage banner is displayed.
2020-01-13 20:27:34 INFO  LogUtils:9 - Click afisha button .
2020-01-13 20:27:39 INFO  LogUtils:9 - Check afisha button is displayed.
2020-01-13 20:27:39 INFO  LogUtils:9 - Click Home button .
2020-01-13 20:27:41 INFO  LogUtils:9 - Check MainPage banner is displayed.
2020-01-13 20:27:41 INFO  LogUtils:9 - Go tohttps://kinopoisk.ru
2020-01-13 20:27:41 INFO  LogUtils:9 - Go to https://kinopoisk.ru .
2020-01-13 20:27:43 INFO  LogUtils:9 - Check MainPage banner is displayed.
2020-01-13 20:27:43 INFO  LogUtils:9 - Hover vk button.
2020-01-13 20:27:44 INFO  LogUtils:9 - Click goUp button .
2020-01-13 20:27:45 INFO  LogUtils:9 - Go tohttps://kinopoisk.ru
2020-01-13 20:27:45 INFO  LogUtils:9 - Go to https://kinopoisk.ru .
2020-01-13 20:27:47 INFO  LogUtils:9 - Check MainPage banner is displayed.
2020-01-13 20:27:47 INFO  LogUtils:9 - Click loup .
2020-01-13 20:27:54 INFO  LogUtils:9 - Check searchResult is displayed.
2020-01-13 20:27:54 INFO  LogUtils:9 - Get text from countResult.
2020-01-13 20:27:54 INFO  LogUtils:9 - Go tohttps://kinopoisk.ru
2020-01-13 20:27:54 INFO  LogUtils:9 - Go to https://kinopoisk.ru .
2020-01-13 20:27:56 INFO  LogUtils:9 - Check MainPage banner is displayed.
2020-01-13 20:27:57 INFO  LogUtils:9 - Click afisha button .
2020-01-13 20:28:01 INFO  LogUtils:9 - Check afisha button is displayed.
2020-01-13 20:28:01 INFO  LogUtils:9 - Click film .
2020-01-13 20:28:04 INFO  LogUtils:9 - Check movie info is displayed.
2020-01-13 20:28:04 INFO  LogUtils:9 - Click schedule .
2020-01-13 20:28:07 INFO  LogUtils:9 - Check seance form is displayed.
2020-01-13 20:28:07 INFO  LogUtils:9 - Go tohttps://kinopoisk.ru
2020-01-13 20:28:07 INFO  LogUtils:9 - Go to https://kinopoisk.ru .
2020-01-13 20:28:08 INFO  LogUtils:9 - Check MainPage banner is displayed.
2020-01-13 20:28:09 INFO  LogUtils:9 - Click afisha button .
2020-01-13 20:28:13 INFO  LogUtils:9 - Check Top Page is displayed.
2020-01-13 20:28:14 INFO  LogUtils:9 - Check name of film is displayed.
2020-01-13 20:28:15 INFO  LogUtils:9 - Go tohttps://kinopoisk.ru
2020-01-13 20:28:15 INFO  LogUtils:9 - Go to https://kinopoisk.ru .
2020-01-13 20:28:17 INFO  LogUtils:9 - Check MainPage banner is displayed.
2020-01-13 20:28:17 INFO  LogUtils:9 - Click afisha button .
2020-01-13 20:28:21 INFO  LogUtils:9 - Check Top Page is displayed.
2020-01-13 20:28:23 INFO  LogUtils:9 - Check name of film is displayed.
2020-01-13 20:28:27 INFO  LogUtils:9 - Check name of film is displayed.
2020-01-13 20:28:27 INFO  LogUtils:9 - Go tohttps://kinopoisk.ru
2020-01-13 20:28:27 INFO  LogUtils:9 - Go to https://kinopoisk.ru .
2020-01-13 20:28:29 INFO  LogUtils:9 - Check MainPage banner is displayed.
2020-01-13 20:28:29 INFO  LogUtils:9 - Click kinopoiskHd .
2020-01-13 20:28:31 INFO  LogUtils:9 - Check My cinema is displayed.
2020-01-13 20:28:32 INFO  LogUtils:9 - Hover My cinema.
2020-01-13 20:28:32 INFO  LogUtils:9 - Click kinopoisk .
2020-01-13 20:28:33 INFO  LogUtils:9 - Close browser
2020-01-13 20:29:02 INFO  LogUtils:9 - Set implicitly Wait
2020-01-13 20:29:02 INFO  LogUtils:9 - Set implicitly wait
2020-01-13 20:29:02 INFO  LogUtils:9 - Get chrome driver
2020-01-13 20:29:06 INFO  LogUtils:9 - Maximize window
2020-01-13 20:29:06 INFO  LogUtils:9 - Maximize window
2020-01-13 20:29:07 INFO  LogUtils:9 - Go tohttps://kinopoisk.ru
2020-01-13 20:29:07 INFO  LogUtils:9 - Go to https://kinopoisk.ru .
2020-01-13 20:29:13 INFO  LogUtils:9 - Check MainPage banner is displayed.
2020-01-13 20:29:13 INFO  LogUtils:9 - Click kinopoiskHd .
2020-01-13 20:29:15 INFO  LogUtils:9 - Check My cinema is displayed.
2020-01-13 20:29:15 INFO  LogUtils:9 - Hover My cinema.
2020-01-13 20:29:16 INFO  LogUtils:9 - Click kinopoisk .
2020-01-13 20:29:17 INFO  LogUtils:9 - Close browser
2020-01-13 20:30:28 INFO  LogUtils:9 - Set implicitly Wait
2020-01-13 20:30:28 INFO  LogUtils:9 - Set implicitly wait
2020-01-13 20:30:28 INFO  LogUtils:9 - Get chrome driver
2020-01-13 20:30:32 INFO  LogUtils:9 - Maximize window
2020-01-13 20:30:32 INFO  LogUtils:9 - Maximize window
2020-01-13 20:30:33 INFO  LogUtils:9 - Go tohttps://kinopoisk.ru
2020-01-13 20:30:33 INFO  LogUtils:9 - Go to https://kinopoisk.ru .
2020-01-13 20:30:44 INFO  LogUtils:9 - Check MainPage banner is displayed.
2020-01-13 20:30:44 INFO  LogUtils:9 - Click afisha button .
2020-01-13 20:30:51 INFO  LogUtils:9 - Check Top Page is displayed.
2020-01-13 20:30:51 INFO  LogUtils:9 - Click Start vote .
2020-01-13 20:30:51 INFO  LogUtils:9 - Click vote 10 .
2020-01-13 20:30:51 INFO  LogUtils:9 - Check Login form is displayed.
2020-01-13 20:30:54 INFO  LogUtils:9 - Close browser
